<?xml version="1.0" encoding="utf-8"?>
<tt ttp:contentProfiles="http://www.w3.org/ns/ttml/profile/imsc1.1/text" xmlns="http://www.w3.org/ns/ttml" xmlns:nttm="http://www.netflix.com/ns/ttml#metadata" xmlns:tt="http://www.w3.org/ns/ttml" xmlns:ttp="http://www.w3.org/ns/ttml#parameter" xmlns:tts="http://www.w3.org/ns/ttml#styling" xmlns:xml="http://www.w3.org/XML/1998/namespace" ttp:tickRate="10000000" ttp:timeBase="media" xml:lang="ko">
<head>
<metadata nttm:movieID="81671941" nttm:packageID="2152401" nttm:schemaVersion="0" nttm:textType="CC" nttm:uuid="041951d4-8be7-44ca-9891-2cc6cf5e7d25"/>
<styling>
<initial tts:backgroundColor="transparent" tts:color="white" tts:displayAlign="after" tts:extent="80.000% 80.000%" tts:fontSize="6.000rh" tts:opacity="1.000" tts:origin="10.000% 10.000%" tts:showBackground="whenActive" tts:textAlign="center" tts:textOutline="black 0.300rh" tts:writingMode="lrtb"/>
<style xml:id="style0" tts:fontWeight="normal"/>
</styling>
<layout>
<region xml:id="region0" tts:backgroundColor="transparent" tts:displayAlign="after" tts:extent="80.000% 80.000%" tts:opacity="1.000" tts:origin="10.000% 10.000%" tts:writingMode="lrtb"/>
<region xml:id="region1" tts:backgroundColor="transparent" tts:displayAlign="before" tts:extent="80.000% 80.000%" tts:opacity="1.000" tts:origin="10.000% 10.000%" tts:writingMode="lrtb"/>
</layout>
</head>
<body>
<div>
<p xml:id="subtitle1" begin="100934166t" end="122205416t" region="region0" style="style0">[주제곡]</p>
<p xml:id="subtitle2" begin="559725832t" end="581831249t" region="region1" style="style0">[전자레인지 작동음]</p>
<p xml:id="subtitle3" begin="582665416t" end="598931666t" region="region1" style="style0">[전자레인지 알림음]</p>
<p xml:id="subtitle4" begin="608107500t" end="645645000t" region="region1" style="style0">[TV 속 남배우] 사랑에 빠진 게<br/>죄는 아니잖아</p>
<p xml:id="subtitle5" begin="646479166t" end="665247916t" region="region1" style="style0">- [남자] 뜨거워, 씨<br/>- [격정적인 음악이 흐른다]</p>
<p xml:id="subtitle6" begin="666082082t" end="675257916t" region="region1" style="style0">[남자의 뜨거워하는 소리]</p>
<p xml:id="subtitle7" begin="676092082t" end="691524166t" region="region1" style="style0">[TV 속 남배우] 여기까지<br/>올 생각은 없었어</p>
<p xml:id="subtitle8" begin="692358332t" end="726976250t" region="region1" style="style0">그냥 운명처럼 그렇게…</p>
<p xml:id="subtitle9" begin="727810416t" end="756589166t" region="region1" style="style0">[TV 속 여배우] 운명?<br/>너랑 난 뭔데, 그럼!</p>
<p xml:id="subtitle10" begin="757423332t" end="774106666t" region="region1" style="style0">[TV 속 남배우] 사랑에도<br/>유통 기한이 있다잖아</p>
<p xml:id="subtitle11" begin="774940832t" end="784950832t" region="region1" style="style0">[남자] 아, 지랄하고 자빠졌네</p>
<p xml:id="subtitle12" begin="785785000t" end="799548750t" region="region0" style="style0">지랄하고 자빠졌네</p>
<p xml:id="subtitle13" begin="808724582t" end="829995832t" region="region1" style="style0">- [후루룩 먹는 소리]<br/>- [TV 속 남배우] 이혼하자, 우리</p>
<p xml:id="subtitle14" begin="846679166t" end="857940416t" region="region1" style="style0">[TV 속 여배우의 헛웃음]</p>
<p xml:id="subtitle15" begin="858774582t" end="871704166t" region="region1" style="style0">[남자] 완전 양아치 새끼네, 저거</p>
<p xml:id="subtitle16" begin="872538332t" end="887136250t" region="region1" style="style0">[TV 속 여배우] 나쁜 새끼</p>
<p xml:id="subtitle17" begin="887970416t" end="902985416t" region="region1" style="style0">- [계속되는 TV 소리]<br/>- [남자] 응, 응?</p>
<p xml:id="subtitle18" begin="903819582t" end="933015416t" region="region0" style="style0">어디 가, 어디 가, 어디 가?</p>
<p xml:id="subtitle19" begin="933849582t" end="956372082t" region="region0" style="style0">아니, 이럴 땐<br/>상간녀 소송을 해야지</p>
<p xml:id="subtitle20" begin="957206249t" end="969718749t" region="region0" style="style0">[감성적인 음악이 흐른다]</p>
<p xml:id="subtitle21" begin="970552916t" end="987653332t" region="region0" style="style0">어떻게…</p>
<p xml:id="subtitle22" begin="988487499t" end="1002668332t" region="region0" style="style0">뭐, 끝났어?</p>
<p xml:id="subtitle23" begin="1011427082t" end="1023522499t" region="region0" style="style0">에이, 진짜</p>
<p xml:id="subtitle24" begin="1024356666t" end="1050632916t" region="region0" style="style0">[경쾌한 음악]</p>
<p xml:id="subtitle25" begin="1210375832t" end="1237486250t" region="region0" style="style0">[울리는 발소리]</p>
<p xml:id="subtitle26" begin="1466882082t" end="1500665832t" region="region0" style="style0">[성한] 그, 제출했던 영상<br/>보셨으면 아시겠지만</p>
<p xml:id="subtitle27" begin="1501500000t" end="1517349166t" region="region0" style="style0">그, 김정남 씨는</p>
<p xml:id="subtitle28" begin="1518183332t" end="1542791250t" region="region0" style="style0">원고의 팔을 잡고<br/>강하게 막고 있었고요</p>
<p xml:id="subtitle29" begin="1543625416t" end="1571570000t" region="region0" style="style0">이춘자 씨는 핸드폰을 들고<br/>도망치고 있었습니다</p>
<p xml:id="subtitle30" begin="1572404166t" end="1594092500t" region="region0" style="style0">도대체 그 핸드폰에<br/>뭐가 들어 있길래</p>
<p xml:id="subtitle31" begin="1599931666t" end="1620785832t" region="region0" style="style0">그렇게 필사적으로<br/>도망갔던 걸까요?</p>
<p xml:id="subtitle32" begin="1621620000t" end="1642474166t" region="region0" style="style0">정황만으로는<br/>증거가 될 수 없습니다</p>
<p xml:id="subtitle33" begin="1643308332t" end="1658323332t" region="region0" style="style0">[성한] 그렇다면 말이죠</p>
<p xml:id="subtitle34" begin="1659157500t" end="1703785416t" region="region0" style="style0">그 어두운 노가릿집에서<br/>서로 딱 달라붙어 앉아 가지고</p>
<p xml:id="subtitle35" begin="1704619582t" end="1735066666t" region="region0" style="style0">뭐, 손도 만지시고<br/>뭐, 얼굴도 보듬으시고</p>
<p xml:id="subtitle36" begin="1735900832t" end="1763011249t" region="region0" style="style0">이거는 노가릿집 사장님<br/>증언입니다</p>
<p xml:id="subtitle37" begin="1763845416t" end="1798463332t" region="region0" style="style0">뭘 하신 겁니까, 김정남 씨는?<br/>유부남이신</p>
<p xml:id="subtitle38" begin="1799297499t" end="1812227082t" region="region0" style="style0">[변호사] 아, 박은옥 씨께서</p>
<p xml:id="subtitle39" begin="1813061249t" end="1839337499t" region="region0" style="style0">남편에 대해서<br/>도통 모르시고 계신 거 같은데</p>
<p xml:id="subtitle40" begin="1840171666t" end="1854352499t" region="region0" style="style0">우리 의뢰인께서</p>
<p xml:id="subtitle41" begin="1855186666t" end="1877709166t" region="region0" style="style0">명리학을 공부하고 계신다는 걸<br/>아시는지요?</p>
<p xml:id="subtitle42" begin="1878543332t" end="1893558332t" region="region0" style="style0">[은옥] 명리학 같은 소리<br/>하고 있네</p>
<p xml:id="subtitle43" begin="1894392499t" end="1906487916t" region="region0" style="style0">[성한] 명리학이요?</p>
<p xml:id="subtitle44" begin="1907322082t" end="1924839582t" region="region0" style="style0">그, 뭐, 뭐, 사주팔자 봐 주고</p>
<p xml:id="subtitle45" begin="1925673749t" end="1953618332t" region="region0" style="style0">- 뭐, 그러는 거 말씀하시는 거죠?<br/>- [변호사] 예</p>
<p xml:id="subtitle46" begin="1954452499t" end="1974472499t" region="region0" style="style0">[성한] 근데 그런 거는 보통<br/>이렇게 책 펴 놓고 막</p>
<p xml:id="subtitle47" begin="1975306666t" end="1996577916t" region="region0" style="style0">이렇게 써 가면서<br/>봐 주는 거 아닌가요?</p>
<p xml:id="subtitle48" begin="1997412082t" end="2011592916t" region="region0" style="style0">근데 왜 손은 잡고</p>
<p xml:id="subtitle49" begin="2012427082t" end="2031195832t" region="region0" style="style0">얼굴은 보듬으시고<br/>뭐, 손도 밑으로 막…</p>
<p xml:id="subtitle50" begin="2032029999t" end="2062477082t" region="region0" style="style0">[변호사] 손금 봐 준 겁니다<br/>관상 봐 주고</p>
<p xml:id="subtitle51" begin="2063311249t" end="2079994582t" region="region0" style="style0">- [흥미로운 음악]<br/>- 이 살성이라는 것도</p>
<p xml:id="subtitle52" begin="2080828749t" end="2105019582t" region="region0" style="style0">손금과 관상에서<br/>굉장히 중요한 거거든요</p>
<p xml:id="subtitle53" begin="2105853749t" end="2126707916t" region="region0" style="style0">- [은옥] 아, 뭐라고요? 아유…<br/>- [성한의 말리는 소리]</p>
<p xml:id="subtitle54" begin="2137134999t" end="2167164999t" region="region0" style="style0">[피식하며] 아니, 변호사님도<br/>그새 전문가가 다 되셨네요</p>
<p xml:id="subtitle55" begin="2167999166t" end="2179677499t" region="region0" style="style0">[성한의 씁 들이켜는 소리]</p>
<p xml:id="subtitle56" begin="2180511666t" end="2213044166t" region="region0" style="style0">저는 정황도 증거가 될 수 있다고<br/>생각을 합니다</p>
<p xml:id="subtitle57" begin="2213878332t" end="2238486250t" region="region0" style="style0">그런데 뭐, 이렇게 우기시니까</p>
<p xml:id="subtitle58" begin="2239320416t" end="2265179582t" region="region0" style="style0">이 사건 변론 기일로 넘겨서</p>
<p xml:id="subtitle59" begin="2278943332t" end="2305636666t" region="region0" style="style0">[성한] 이 휴대폰<br/>디지털 포렌식 후에</p>
<p xml:id="subtitle60" begin="2306470832t" end="2320651666t" region="region0" style="style0">증거로 제출하겠습니다</p>
<p xml:id="subtitle61" begin="2331912916t" end="2355686666t" region="region0" style="style0">결정적인 증거가 나오면<br/>서로 깔끔하고 좋잖아요</p>
<p xml:id="subtitle62" begin="2363194166t" end="2381128750t" region="region0" style="style0">그러면 저희는<br/>정신적 위자료와 더불어서</p>
<p xml:id="subtitle63" begin="2381962916t" end="2408656250t" region="region0" style="style0">이 모든 걸 의부증이라고<br/>치부하신 점</p>
<p xml:id="subtitle64" begin="2409490416t" end="2438269166t" region="region0" style="style0">명예 훼손까지<br/>위자료 청구할 예정입니다</p>
<p xml:id="subtitle65" begin="2444525416t" end="2474972500t" region="region0" style="style0">[조정 위원] 피고 측 대리인<br/>어떻게 할 생각이에요?</p>
<p xml:id="subtitle66" begin="2529193332t" end="2539203332t" region="region0" style="style0">[변호사의 헛기침]</p>
<p xml:id="subtitle67" begin="2555052500t" end="2573821250t" region="region0" style="style0">원고 측 조정안 받아들이겠습니다</p>
<p xml:id="subtitle68" begin="2574655416t" end="2584665416t" region="region0" style="style0">[흥미로운 음악]</p>
<p xml:id="subtitle69" begin="2585499582t" end="2600097500t" region="region0" style="style0">[은옥] 변호사님!</p>
<p xml:id="subtitle70" begin="2600931666t" end="2635549582t" region="region0" style="style0">아유, 변호사님, 감사해요</p>
<p xml:id="subtitle71" begin="2636383750t" end="2667665000t" region="region0" style="style0">- [은옥] 아이, 너무 고맙거든요<br/>- [성한] 아, 예, 예, 진정하세요</p>
<p xml:id="subtitle72" begin="2673504166t" end="2688519166t" region="region0" style="style0">[변호사의 못마땅한 숨소리]</p>
<p xml:id="subtitle73" begin="2689353332t" end="2702700000t" region="region0" style="style0">- [은옥의 웃음]<br/>- [성한] 알, 알겠어요</p>
<p xml:id="subtitle74" begin="2703534166t" end="2735232500t" region="region0" style="style0">- 예, 알겠습니다, 네<br/>- [은옥] 감사합니다, 감사합니다</p>
<p xml:id="subtitle75" begin="3170250416t" end="3192772916t" region="region0" style="style0">[통화 연결음]</p>
<p xml:id="subtitle76" begin="3239069166t" end="3251164582t" region="region0" style="style0">[딱 물어뜯는 소리]</p>
<p xml:id="subtitle77" begin="3261174582t" end="3299129166t" region="region0" style="style0">[안내 음성] 전화를 받을 수 없어<br/>소리샘으로 연결 중입니다</p>
<p xml:id="subtitle78" begin="3299963332t" end="3331661666t" region="region0" style="style0">연결된 후에는<br/>통화료가 부과됩니다</p>
<p xml:id="subtitle79" begin="3381294582t" end="3394641250t" region="region0" style="style0">[엘리베이터 알림음]</p>
<p xml:id="subtitle80" begin="3451364582t" end="3463877082t" region="region0" style="style0">[달려오는 발소리]</p>
<p xml:id="subtitle81" begin="3464711249t" end="3486399582t" region="region0" style="style0">[남자] 아, 잠깐, 잠깐<br/>잠깐, 잠깐, 잠깐</p>
<p xml:id="subtitle82" begin="3551047499t" end="3573152916t" region="region0" style="style0">[무거운 음악]</p>
<p xml:id="subtitle83" begin="3641554582t" end="3664494166t" region="region0" style="style0">[남자들이 속닥거린다]</p>
<p xml:id="subtitle84" begin="3809222082t" end="3826739582t" region="region0" style="style0">[신호등 알림음]</p>
<p xml:id="subtitle85" begin="3900563332t" end="3918497916t" region="region0" style="style0">[날카로운 효과음]</p>
<p xml:id="subtitle86" begin="4006085416t" end="4029442082t" region="region0" style="style0">[구성진 음악이 흐른다]</p>
<p xml:id="subtitle87" begin="4051130416t" end="4079074999t" region="region0" style="style0">♪ 때로는 먼지처럼 밟히며 ♪</p>
<p xml:id="subtitle88" begin="4079909166t" end="4098677916t" region="region0" style="style0">♪ 아자 ♪</p>
<p xml:id="subtitle89" begin="4099512082t" end="4140803332t" region="region0" style="style0">♪ 하루를 살아 냈네 ♪</p>
<p xml:id="subtitle90" begin="4141637499t" end="4173335832t" region="region0" style="style0">[성한] ♪ 나야, 나야, 나 ♪</p>
<p xml:id="subtitle91" begin="4174169999t" end="4200446249t" region="region0" style="style0">♪ 나야, 나야, 나 ♪</p>
<p xml:id="subtitle92" begin="4201280416t" end="4210873332t" region="region0" style="style0">[성한의 추임새]</p>
<p xml:id="subtitle93" begin="4211707499t" end="4237566666t" region="region0" style="style0">♪ 밤늦은 골목길, 하! ♪</p>
<p xml:id="subtitle94" begin="4238400832t" end="4270099166t" region="region0" style="style0">♪ 외쳐 보아도 ♪</p>
<p xml:id="subtitle95" begin="4270933332t" end="4290119166t" region="region0" style="style0">- ♪ 젖은 그림자… ♪<br/>- [휴대전화 벨 소리]</p>
<p xml:id="subtitle96" begin="4290953332t" end="4306802499t" region="region0" style="style0">여보, 여보세요</p>
<p xml:id="subtitle97" begin="4307636666t" end="4323068749t" region="region0" style="style0">[형근] 어떻게 됐어요?</p>
<p xml:id="subtitle98" begin="4323902916t" end="4353098750t" region="region0" style="style0">아, 뭘 어떻게 돼요? 다 잘됐죠</p>
<p xml:id="subtitle99" begin="4353932916t" end="4379375000t" region="region0" style="style0">[성한] 아니, 그리고 혹시 뭐<br/>저, 사무장님</p>
<p xml:id="subtitle100" begin="4385214166t" end="4409822082t" region="region0" style="style0">내 차에 뭐, 뭐 달아 놨어요?</p>
<p xml:id="subtitle101" begin="4410656250t" end="4436515416t" region="region0" style="style0">[형근] 왜요? 뭐, 제가 또 뭐<br/>흥을 끊은 건가요?</p>
<p xml:id="subtitle102" begin="4437349582t" end="4461957500t" region="region0" style="style0">네, 왜 그러시는 거예요, 도대체?</p>
<p xml:id="subtitle103" begin="4462791666t" end="4478223750t" region="region0" style="style0">나한테 왜 그래요?</p>
<p xml:id="subtitle104" begin="4485314166t" end="4500329166t" region="region0" style="style0">가서 얘기합시다</p>
<p xml:id="subtitle105" begin="4549545000t" end="4584162916t" region="region0" style="style0">[계속되는 자동차 경적]</p>
<p xml:id="subtitle106" begin="4648810832t" end="4669665000t" region="region0" style="style0">[흥미로운 음악]</p>
<p xml:id="subtitle107" begin="4682177500t" end="4702614582t" region="region0" style="style0">[성한] 다녀왔습니다</p>
<p xml:id="subtitle108" begin="4713041666t" end="4729725000t" region="region0" style="style0">변호사님, 승소 축하드립니다</p>
<p xml:id="subtitle109" begin="4730559166t" end="4756418332t" region="region0" style="style0">[성한] 아이, 새삼스럽게<br/>새봄 씨는</p>
<p xml:id="subtitle110" begin="4757252500t" end="4774352916t" region="region0" style="style0">고맙습니다</p>
<p xml:id="subtitle111" begin="4775187082t" end="4791453332t" region="region0" style="style0">[형근] 수고하셨…</p>
<p xml:id="subtitle112" begin="4827322500t" end="4846925416t" region="region0" style="style0">- [삐거덕 소리]<br/>- [성한] 아이씨…</p>
<p xml:id="subtitle113" begin="4955367082t" end="4970799166t" region="region0" style="style0">[쿵쿵 차는 소리]</p>
<p xml:id="subtitle114" begin="4985814166t" end="5007919582t" region="region0" style="style0">[형근의 가쁜 숨소리]</p>
<p xml:id="subtitle115" begin="5008753750t" end="5027522500t" region="region0" style="style0">발로 차야 열리지, 어?</p>
<p xml:id="subtitle116" begin="5028356666t" end="5047542500t" region="region0" style="style0">아니, 그 문은 언제 고칠 거예요?</p>
<p xml:id="subtitle117" begin="5048376666t" end="5074652916t" region="region0" style="style0">아, 이런 문은 수리도 안 된답니다</p>
<p xml:id="subtitle118" begin="5075487082t" end="5091336250t" region="region0" style="style0">교체하라는데요, 새걸로</p>
<p xml:id="subtitle119" begin="5092170416t" end="5101346250t" region="region0" style="style0">교체는 무슨</p>
<p xml:id="subtitle120" begin="5102180416t" end="5131376250t" region="region0" style="style0">이런 톤을 어떻게<br/>새걸로 맞출 수가 있어?</p>
<p xml:id="subtitle121" begin="5158903750t" end="5178089582t" region="region0" style="style0">[형근] 어떻게 뭐, 소송은요?</p>
<p xml:id="subtitle122" begin="5183928750t" end="5198109582t" region="region0" style="style0">깔끔하게 끝난 거죠?</p>
<p xml:id="subtitle123" begin="5198943750t" end="5212290416t" region="region0" style="style0">뭘 물어보세요?</p>
<p xml:id="subtitle124" begin="5213124582t" end="5242320416t" region="region0" style="style0">훌륭한 변호사 만나서<br/>아주 깔끔하게 합의된 거죠</p>
<p xml:id="subtitle125" begin="5243154582t" end="5274852916t" region="region0" style="style0">씁, 늦은 나이에<br/>사법 고시 막차 타신 분이</p>
<p xml:id="subtitle126" begin="5275687082t" end="5306134166t" region="region0" style="style0">훌륭한 변호사인지는<br/>잘 모르겠습니다</p>
<p xml:id="subtitle127" begin="5306968332t" end="5321149166t" region="region0" style="style0">[익살스러운 음악]</p>
<p xml:id="subtitle128" begin="5321983332t" end="5341586250t" region="region0" style="style0">씁, 그…</p>
<p xml:id="subtitle129" begin="5342420416t" end="5357852500t" region="region0" style="style0">잠깐 앉아 보실까요?</p>
<p xml:id="subtitle130" begin="5368279582t" end="5383711666t" region="region0" style="style0">[성한] 빨리 앉아 보세요</p>
<p xml:id="subtitle131" begin="5400812082t" end="5435847082t" region="region0" style="style0">아니, 내가 진짜 몇 년 동안</p>
<p xml:id="subtitle132" begin="5436681250t" end="5472550416t" region="region0" style="style0">수십 번을 얘기해 줘도<br/>못 알아들으시는 거 같아 가지고</p>
<p xml:id="subtitle133" begin="5473384582t" end="5515092916t" region="region0" style="style0">내가 이번에 좀 마지막으로<br/>제대로 설명을 좀 해 드릴게요</p>
<p xml:id="subtitle134" begin="5515927082t" end="5527605416t" region="region0" style="style0">자</p>
<p xml:id="subtitle135" begin="5544705832t" end="5591836250t" region="region0" style="style0">뇌세포가 활발하지 못한 나이에<br/>공부를 시작을 했어요</p>
<p xml:id="subtitle136" begin="5598092500t" end="5625620000t" region="region0" style="style0">2년이라는 인고의 시간을 거쳐서</p>
<p xml:id="subtitle137" begin="5626454166t" end="5645640000t" region="region0" style="style0">마지막이었던 사법 고시에</p>
<p xml:id="subtitle138" begin="5646474166t" end="5676087082t" region="region0" style="style0">진짜 당당하고 늠름하게<br/>합격한 거는, 이거는</p>
<p xml:id="subtitle139" begin="5686514166t" end="5706117082t" region="region0" style="style0">뭐랄까?</p>
<p xml:id="subtitle140" begin="5706951250t" end="5724468750t" region="region0" style="style0">'세상에 저런 일이'?</p>
<p xml:id="subtitle141" begin="5725302916t" end="5754081666t" region="region0" style="style0">이런 데 제보해야 될 만큼 정말</p>
<p xml:id="subtitle142" begin="5754915832t" end="5783694582t" region="region0" style="style0">놀라운 일이라고<br/>나는 생각을 하거든요</p>
<p xml:id="subtitle143" begin="5784528750t" end="5801212082t" region="region0" style="style0">근데 그, 다 아는 분이</p>
<p xml:id="subtitle144" begin="5802046250t" end="5823734582t" region="region0" style="style0">매번 실없는 소리 하고<br/>그러면 내가</p>
<p xml:id="subtitle145" begin="5829990832t" end="5850845000t" region="region0" style="style0">듣는 사람이<br/>기분이 좋아요, 나빠요?</p>
<p xml:id="subtitle146" begin="5851679166t" end="5870447916t" region="region0" style="style0">예, 뭐, 솔직히</p>
<p xml:id="subtitle147" begin="5871282082t" end="5899226666t" region="region0" style="style0">사법 고시 패스 평균이<br/>4년이거든요</p>
<p xml:id="subtitle148" begin="5900060832t" end="5908819582t" region="region0" style="style0">[성한] 그래</p>
<p xml:id="subtitle149" begin="5909653750t" end="5929256666t" region="region0" style="style0">2년 만에 사법 고시 패스?</p>
<p xml:id="subtitle150" begin="5941769166t" end="5953447500t" region="region0" style="style0">대단하죠</p>
<p xml:id="subtitle151" begin="5960537916t" end="5977638332t" region="region0" style="style0">[형근] 그 고생을 했으면</p>
<p xml:id="subtitle152" begin="5983894582t" end="6018095416t" region="region0" style="style0">사건 수임을 좀 폭넓게, 예?</p>
<p xml:id="subtitle153" begin="6018929582t" end="6042286250t" region="region0" style="style0">이것저것, 예?</p>
<p xml:id="subtitle154" begin="6043120416t" end="6070230832t" region="region0" style="style0">이혼 소송 말고 좀 다양하게, 예?</p>
<p xml:id="subtitle155" begin="6071065000t" end="6082326250t" region="region0" style="style0">[성한] 예?</p>
<p xml:id="subtitle156" begin="6083160416t" end="6113607500t" region="region0" style="style0">아니, '가화만사성'이라는 말<br/>몰라요? 예?</p>
<p xml:id="subtitle157" begin="6114441666t" end="6149893750t" region="region0" style="style0">아니, 세상에<br/>수많은 소송들이 있지만, 예?</p>
<p xml:id="subtitle158" begin="6150727916t" end="6181592082t" region="region0" style="style0">난 그게 가장 중요하다고<br/>생각하는 거지</p>
<p xml:id="subtitle159" begin="6187431250t" end="6197024166t" region="region0" style="style0">이혼 소송이</p>
<p xml:id="subtitle160" begin="6197858332t" end="6208285416t" region="region0" style="style0">[코웃음]</p>
<p xml:id="subtitle161" begin="6209119582t" end="6229556666t" region="region0" style="style0">결혼이나 좀 해 보고<br/>그딴 소리를 하시든가</p>
<p xml:id="subtitle162" begin="6230390832t" end="6257918332t" region="region0" style="style0">아니, 오늘 왜 이따구지?</p>
<p xml:id="subtitle163" begin="6258752500t" end="6271265000t" region="region0" style="style0">[한숨]</p>
<p xml:id="subtitle164" begin="6279606666t" end="6298792500t" region="region0" style="style0">나 오늘 컨디션 안 좋으니까<br/>약 올리지 마</p>
<p xml:id="subtitle165" begin="6299626666t" end="6333410416t" region="region0" style="style0">야, 이씨, 약은 니가 올렸지, 응?</p>
<p xml:id="subtitle166" begin="6334244582t" end="6364691666t" region="region0" style="style0">니가 컨디션 똥인 걸<br/>왜 나한테 지랄이야, 지랄이</p>
<p xml:id="subtitle167" begin="6365525832t" end="6387631250t" region="region0" style="style0">[성한] 얼마나 잘 살고 있는데</p>
<p xml:id="subtitle168" begin="6397641250t" end="6421415000t" region="region0" style="style0">아, 왜? 뭐, 또<br/>왜, 왜 우울한데, 왜?</p>
<p xml:id="subtitle169" begin="6422249166t" end="6438932500t" region="region0" style="style0">- 슬퍼<br/>- [성한] 뭐가?</p>
<p xml:id="subtitle170" begin="6439766666t" end="6455198750t" region="region0" style="style0">이서진</p>
<p xml:id="subtitle171" begin="6456032916t" end="6471047916t" region="region0" style="style0">[형근] 나의 DJ가 하차했어</p>
<p xml:id="subtitle172" begin="6471882082t" end="6481057916t" region="region0" style="style0">이서진?</p>
<p xml:id="subtitle173" begin="6481892082t" end="6511087916t" region="region0" style="style0">니가 아침 드라마 볼 때<br/>내가 즐겨 듣는 라디오 DJ</p>
<p xml:id="subtitle174" begin="6511922082t" end="6521097916t" region="region0" style="style0">기억 좀 해!</p>
<p xml:id="subtitle175" begin="6521932082t" end="6535278750t" region="region0" style="style0">참…</p>
<p xml:id="subtitle176" begin="6543203332t" end="6576152916t" region="region0" style="style0">참 슬플 일도 많다<br/>슬플 일도 많아</p>
<p xml:id="subtitle177" begin="6576987082t" end="6592836250t" region="region0" style="style0">- [성한] 가서, 어이구<br/>- [툭툭 치는 소리]</p>
<p xml:id="subtitle178" begin="6593670416t" end="6614107500t" region="region0" style="style0">일 보세요, 빨리 가서 일 보세요</p>
<p xml:id="subtitle179" begin="6625368750t" end="6635378750t" region="region0" style="style0">[깊은 한숨]</p>
<p xml:id="subtitle180" begin="6636212916t" end="6653730416t" region="region0" style="style0">우리 서진 씨</p>
<p xml:id="subtitle181" begin="6654564582t" end="6675001666t" region="region0" style="style0">낙담해서 나쁜 선택 하는 건<br/>아니겠지?</p>
<p xml:id="subtitle182" begin="6686262916t" end="6702112082t" region="region0" style="style0">차라리 이민 가는 게<br/>나을 수도 있어</p>
<p xml:id="subtitle183" begin="6702946250t" end="6735895832t" region="region0" style="style0">동영상 뿌린 놈이 깜빵 가야지<br/>피해자가 왜 숨어?</p>
<p xml:id="subtitle184" begin="6736730000t" end="6753830416t" region="region0" style="style0">- [성한] 그리고 너는 좀…<br/>- [노크 소리]</p>
<p xml:id="subtitle185" begin="6754664582t" end="6770513750t" region="region0" style="style0">[새봄] 저, 상담 오셨는데요<br/>변호사님</p>
<p xml:id="subtitle186" begin="6771347916t" end="6783026249t" region="region0" style="style0">[성한] 아</p>
<p xml:id="subtitle187" begin="6873950416t" end="6896472916t" region="region0" style="style0">[형근이 작게] 마음이 아파서<br/>헛게 다 보이네</p>
<p xml:id="subtitle188" begin="6897307082t" end="6917327082t" region="region0" style="style0">이서진이랑 엄청 닮았다</p>
<p xml:id="subtitle189" begin="6929839582t" end="6949025416t" region="region0" style="style0">[흥미로운 음악]</p>
<p xml:id="subtitle190" begin="6992819166t" end="7001160832t" region="region0" style="style0">안녕하세요</p>
<p xml:id="subtitle191" begin="7001994999t" end="7019929582t" region="region0" style="style0">와, 씨! 이서진이다 [헛기침]</p>
<p xml:id="subtitle192" begin="7020763749t" end="7039949582t" region="region0" style="style0">- [휴대전화 조작음]<br/>- 이서진 씨?</p>
<p xml:id="subtitle193" begin="7066225832t" end="7083743332t" region="region0" style="style0">[서진] 검색하세요?</p>
<p xml:id="subtitle194" begin="7084577499t" end="7096672916t" region="region0" style="style0">미세 먼지 봤습니다</p>
<p xml:id="subtitle195" begin="7107934166t" end="7120863749t" region="region0" style="style0">저 맞아요</p>
<p xml:id="subtitle196" begin="7129205416t" end="7138381249t" region="region0" style="style0">어디 앉으면 되나?</p>
<p xml:id="subtitle197" begin="7139215416t" end="7150476666t" region="region0" style="style0">[형근] 여기…</p>
<p xml:id="subtitle198" begin="7157567082t" end="7176752916t" region="region0" style="style0">이쪽으로 앉으시죠</p>
<p xml:id="subtitle199" begin="7185928749t" end="7208034166t" region="region0" style="style0">[탁탁 터는 소리]</p>
<p xml:id="subtitle200" begin="7364023332t" end="7394470416t" region="region0" style="style0">새봄 씨, 내가<br/>이서진 씨 진짜 팬인데</p>
<p xml:id="subtitle201" begin="7395304582t" end="7406565832t" region="region0" style="style0">[형근] 내가 그거 얘기했었나?</p>
<p xml:id="subtitle202" begin="7407399999t" end="7418244166t" region="region0" style="style0">[새봄] 예, 예</p>
<p xml:id="subtitle203" begin="7419078332t" end="7432007916t" region="region0" style="style0">[형근] 했었구나</p>
<p xml:id="subtitle204" begin="7438264166t" end="7464540416t" region="region0" style="style0">지금 사인해 달라고 하면<br/>그건 좀 오버겠지?</p>
<p xml:id="subtitle205" begin="7465374582t" end="7477052916t" region="region0" style="style0">[새봄] 네</p>
<p xml:id="subtitle206" begin="7494570416t" end="7517092916t" region="region0" style="style0">새봄 씨, 고생했어요<br/>이거 내가 갖다줄게, 응</p>
<p xml:id="subtitle207" begin="7557967082t" end="7572982082t" region="region0" style="style0">[달달 떨리는 소리]</p>
<p xml:id="subtitle208" begin="7573816249t" end="7584660416t" region="region0" style="style0">[성한] 아</p>
<p xml:id="subtitle209" begin="7677669999t" end="7701860832t" region="region0" style="style0">[서진] 신성한 변호사님과<br/>상담하고 싶은데요</p>
<p xml:id="subtitle210" begin="7727719999t" end="7747322916t" region="region0" style="style0">[익살스러운 음악]</p>
<p xml:id="subtitle211" begin="7822397916t" end="7831573749t" region="region0" style="style0">[삐걱 소리]</p>
<p xml:id="subtitle212" begin="7857015832t" end="7870779582t" region="region0" style="style0">[성한의 한숨]</p>
<p xml:id="subtitle213" begin="7877452916t" end="7891216666t" region="region0" style="style0">죄송합니다</p>
<p xml:id="subtitle214" begin="7917909999t" end="7932090832t" region="region0" style="style0">[성한] 아, 제가</p>
<p xml:id="subtitle215" begin="7932924999t" end="7972130832t" region="region0" style="style0">제가 여기로 가는 게 좀…</p>
<p xml:id="subtitle216" begin="8034276249t" end="8062637916t" region="region0" style="style0">이혼 소송만<br/>전문으로 하신다고 들었어요</p>
<p xml:id="subtitle217" begin="8073899166t" end="8085160416t" region="region0" style="style0">예, 그렇습니다</p>
<p xml:id="subtitle218" begin="8102677916t" end="8118527082t" region="region0" style="style0">이혼 통보를 받았어요</p>
<p xml:id="subtitle219" begin="8125617499t" end="8145220416t" region="region0" style="style0">[서진] 그래서<br/>이혼을 하긴 해야 하는데</p>
<p xml:id="subtitle220" begin="8159818332t" end="8184009166t" region="region0" style="style0">잘하려고요, 이혼</p>
<p xml:id="subtitle221" begin="8207782916t" end="8216958749t" region="region0" style="style0">네</p>
<p xml:id="subtitle222" begin="8234059166t" end="8249908332t" region="region0" style="style0">당당해서 당황하셨나 보다</p>
<p xml:id="subtitle223" begin="8250742499t" end="8261586666t" region="region0" style="style0">[살짝 웃으며] 네</p>
<p xml:id="subtitle224" begin="8262420832t" end="8280772499t" region="region0" style="style0">아, 아니요, 예</p>
<p xml:id="subtitle225" begin="8281606666t" end="8299541249t" region="region0" style="style0">[서진] 이 정도 되면 고개 숙이고</p>
<p xml:id="subtitle226" begin="8300375416t" end="8323732082t" region="region0" style="style0">딱 죽고 싶다는 설정이<br/>일반적이잖아요</p>
<p xml:id="subtitle227" begin="8333742082t" end="8358349999t" region="region0" style="style0">근데 제가 세상 당당해 보이니까</p>
<p xml:id="subtitle228" begin="8359184166t" end="8379621249t" region="region0" style="style0">혹시 불편하신가 해서</p>
<p xml:id="subtitle229" begin="8390465416t" end="8408817082t" region="region0" style="style0">이, 지금 심정이</p>
<p xml:id="subtitle230" begin="8424249166t" end="8439264166t" region="region0" style="style0">딱 죽고 싶으신가요?</p>
<p xml:id="subtitle231" begin="8440098332t" end="8453862082t" region="region0" style="style0">[피식 웃는다]</p>
<p xml:id="subtitle232" begin="8488479999t" end="8498907082t" region="region0" style="style0">네</p>
<p xml:id="subtitle233" begin="8555630416t" end="8567725832t" region="region0" style="style0">도와주세요</p>
<p xml:id="subtitle234" begin="8589414166t" end="8608599999t" region="region0" style="style0">[한숨]</p>
<p xml:id="subtitle235" begin="8609434166t" end="8631122499t" region="region0" style="style0">[잔잔한 음악]</p>
<p xml:id="subtitle236" begin="8646137500t" end="8664489166t" region="region0" style="style0">씁, 저, 제가</p>
<p xml:id="subtitle237" begin="8672830832t" end="8711619582t" region="region0" style="style0">이번 일은 도움을 드릴 수<br/>없을 것 같습니다</p>
<p xml:id="subtitle238" begin="8722046666t" end="8743735000t" region="region0" style="style0">힘든 소송이라 그런가요?</p>
<p xml:id="subtitle239" begin="8763337916t" end="8779187082t" region="region0" style="style0">그렇죠</p>
<p xml:id="subtitle240" begin="8786694582t" end="8809634166t" region="region0" style="style0">[성한] 어, 제가 다는 아니지만</p>
<p xml:id="subtitle241" begin="8810468332t" end="8848422916t" region="region0" style="style0">이서진 님 상황<br/>어느 정도는 알고 있거든요</p>
<p xml:id="subtitle242" begin="8864689166t" end="8881372500t" region="region0" style="style0">모르는 사람 없겠죠</p>
<p xml:id="subtitle243" begin="8882206666t" end="8898890000t" region="region0" style="style0">[성한] 그래서</p>
<p xml:id="subtitle244" begin="8899724166t" end="8923915000t" region="region0" style="style0">이렇게, 잘 이혼하기에는</p>
<p xml:id="subtitle245" begin="8935176250t" end="8955196250t" region="region0" style="style0">상황이 좀 좋지 않은 거 같아요</p>
<p xml:id="subtitle246" begin="8963537916t" end="8973130832t" region="region0" style="style0">그렇군요</p>
<p xml:id="subtitle247" begin="9066557500t" end="9086577500t" region="region0" style="style0">- 변호사님<br/>- [성한] 네</p>
<p xml:id="subtitle248" begin="9087411666t" end="9115356250t" region="region0" style="style0">변호사님의 기준은 뭔가요?</p>
<p xml:id="subtitle249" begin="9134125000t" end="9150391250t" region="region0" style="style0">잘 이혼하는 기준</p>
<p xml:id="subtitle250" begin="9164989166t" end="9175833332t" region="region0" style="style0">[성한] 어…</p>
<p xml:id="subtitle251" begin="9199190000t" end="9219627082t" region="region0" style="style0">의뢰인이 원하는 바를</p>
<p xml:id="subtitle252" begin="9228385832t" end="9241315416t" region="region0" style="style0">최대한 끌어내는 거겠죠?</p>
<p xml:id="subtitle253" begin="9242149582t" end="9262586666t" region="region0" style="style0">제가 원하는 바는</p>
<p xml:id="subtitle254" begin="9274682082t" end="9286360416t" region="region0" style="style0">왜 안 물어보세요?</p>
<p xml:id="subtitle255" begin="9321812500t" end="9338495832t" region="region0" style="style0">아, 죄송합니다</p>
<p xml:id="subtitle256" begin="9356013332t" end="9374365000t" region="region0" style="style0">정확히</p>
<p xml:id="subtitle257" begin="9375199166t" end="9397721666t" region="region0" style="style0">어떤 걸 원하세요?</p>
<p xml:id="subtitle258" begin="9413570832t" end="9443600832t" region="region0" style="style0">[성한] 예를 들면<br/>뭐, 재산 분할이라든가…</p>
<p xml:id="subtitle259" begin="9444435000t" end="9458615832t" region="region0" style="style0">[서진] 필요 없어요</p>
<p xml:id="subtitle260" begin="9469042916t" end="9483640832t" region="region0" style="style0">아무것도 필요 없어요</p>
<p xml:id="subtitle261" begin="9512002500t" end="9534525000t" region="region0" style="style0">딱 하나 제가 원하는 건</p>
<p xml:id="subtitle262" begin="9552876666t" end="9565389166t" region="region0" style="style0">양육권이에요</p>
<p xml:id="subtitle263" begin="9578318750t" end="9599590000t" region="region0" style="style0">[차분한 음악]</p>
<p xml:id="subtitle264" begin="9688011666t" end="9709700000t" region="region0" style="style0">상황이 좋지 않긴 하죠</p>
<p xml:id="subtitle265" begin="9897387500t" end="9911568332t" region="region0" style="style0">[성한] 외도</p>
<p xml:id="subtitle266" begin="9925332082t" end="9949940000t" region="region0" style="style0">성관계 동영상 유출</p>
<p xml:id="subtitle267" begin="9972462500t" end="10002909582t" region="region0" style="style0">최악의 상황 속의 모성애</p>
<p xml:id="subtitle268" begin="10042115416t" end="10052125416t" region="region0" style="style0">실례했습니다</p>
<p xml:id="subtitle269" begin="10058381666t" end="10072562500t" region="region0" style="style0">[성한] 진심인가요?</p>
<p xml:id="subtitle270" begin="10095502082t" end="10110934166t" region="region0" style="style0">진심이에요?</p>
<p xml:id="subtitle271" begin="10135959166t" end="10150974166t" region="region0" style="style0">진심으로</p>
<p xml:id="subtitle272" begin="10162652500t" end="10183506666t" region="region0" style="style0">양육권을 원하시는 거예요?</p>
<p xml:id="subtitle273" begin="10197687500t" end="10208114582t" region="region0" style="style0">네</p>
<p xml:id="subtitle274" begin="10218124582t" end="10241064166t" region="region0" style="style0">[무거운 음악]</p>
<p xml:id="subtitle275" begin="10241898332t" end="10264420832t" region="region0" style="style0">아주 적나라한 싸움이 될 텐데요</p>
<p xml:id="subtitle276" begin="10265255000t" end="10274013750t" region="region0" style="style0">그래서요?</p>
<p xml:id="subtitle277" begin="10274847916t" end="10287360416t" region="region0" style="style0">[성한] 이서진 씨는 지금보다</p>
<p xml:id="subtitle278" begin="10288194582t" end="10310300000t" region="region0" style="style0">훨씬 더 비참한 상황에<br/>노출될 수 있고요</p>
<p xml:id="subtitle279" begin="10311134166t" end="10325315000t" region="region0" style="style0">하고 싶은 말이 뭔가요?</p>
<p xml:id="subtitle280" begin="10326149166t" end="10344500832t" region="region0" style="style0">[성한] 심지어</p>
<p xml:id="subtitle281" begin="10345335000t" end="10368691666t" region="region0" style="style0">- 패소할 수도 있습니다<br/>- [서진의 한숨]</p>
<p xml:id="subtitle282" begin="10382872500t" end="10412902500t" region="region0" style="style0">그런데도 해볼 만하신가 해서요</p>
<p xml:id="subtitle283" begin="10418741666t" end="10442932500t" region="region0" style="style0">그럼에도 불구하고</p>
<p xml:id="subtitle284" begin="10443766666t" end="10467957500t" region="region0" style="style0">전 내 아이의 양육권을 원해요</p>
<p xml:id="subtitle285" begin="10475465000t" end="10497153332t" region="region0" style="style0">그래서 끝까지 해보려고요</p>
<p xml:id="subtitle286" begin="10512168332t" end="10528017500t" region="region0" style="style0">대답이 됐나요?</p>
<p xml:id="subtitle287" begin="10536776250t" end="10547203332t" region="region0" style="style0">네</p>
<p xml:id="subtitle288" begin="10557213332t" end="10572228332t" region="region0" style="style0">충분히요</p>
<p xml:id="subtitle289" begin="10623112500t" end="10634373750t" region="region0" style="style0">[폭폭 누르는 소리]</p>
<p xml:id="subtitle290" begin="10635207916t" end="10652725416t" region="region0" style="style0">[성한의 후 내뱉는 소리]</p>
<p xml:id="subtitle291" begin="10678167500t" end="10688594582t" region="region0" style="style0">[옅은 한숨]</p>
<p xml:id="subtitle292" begin="10689428750t" end="10701941250t" region="region0" style="style0">[탁 손뼉 치는 소리]</p>
<p xml:id="subtitle293" begin="10727800416t" end="10754910832t" region="region0" style="style0">악수로 할까요<br/>하이 파이브로 할까요?</p>
<p xml:id="subtitle294" begin="10777016250t" end="10789945832t" region="region0" style="style0">[성한] 악수가 낫겠죠?</p>
<p xml:id="subtitle295" begin="10795785000t" end="10811217082t" region="region0" style="style0">하이 파이브는</p>
<p xml:id="subtitle296" begin="10820810000t" end="10845000832t" region="region0" style="style0">양육권 가지고 온 다음에</p>
<p xml:id="subtitle297" begin="10845835000t" end="10856262082t" region="region0" style="style0">그때 하시죠</p>
<p xml:id="subtitle298" begin="10865020832t" end="10887960416t" region="region0" style="style0">[흥미진진한 음악]</p>
<p xml:id="subtitle299" begin="11274179582t" end="11295867916t" region="region0" style="style0">[여자1] 저기 봐 봐<br/>저기 온다, 지금</p>
<p xml:id="subtitle300" begin="11301290000t" end="11322978332t" region="region0" style="style0">- [여자2] 와, 나왔어? 하, 진짜<br/>- [여자1] 너무 뻔뻔하지 않아?</p>
<p xml:id="subtitle301" begin="11323812500t" end="11334239582t" region="region0" style="style0">[여자2] 소름 끼쳐</p>
<p xml:id="subtitle302" begin="11335073750t" end="11350922916t" region="region0" style="style0">[여자1] 대박, 진짜</p>
<p xml:id="subtitle303" begin="11351757082t" end="11365937916t" region="region0" style="style0">[여자2] 대박이다</p>
<p xml:id="subtitle304" begin="11437259166t" end="11452274166t" region="region0" style="style0">[떨리는 숨소리]</p>
<p xml:id="subtitle305" begin="11485640832t" end="11500238750t" region="region0" style="style0">[한숨]</p>
<p xml:id="subtitle306" begin="11702524166t" end="11717122082t" region="region0" style="style0">[호영] 선배님!</p>
<p xml:id="subtitle307" begin="11717956250t" end="11736307916t" region="region0" style="style0">[호영의 웃음]</p>
<p xml:id="subtitle308" begin="11737142082t" end="11765086666t" region="region0" style="style0">잠깐 방 PD<br/>얼굴 보고 가려고 들렀어</p>
<p xml:id="subtitle309" begin="11765920832t" end="11795950832t" region="region0" style="style0">전화 주시면<br/>제가 계시는 데로 갔을 텐데요</p>
<p xml:id="subtitle310" begin="11796785000t" end="11811382916t" region="region0" style="style0">그럴 걸 그랬나 봐</p>
<p xml:id="subtitle311" begin="11819307500t" end="11840995832t" region="region0" style="style0">다들 나 훔쳐보느라 사시 되겠더라</p>
<p xml:id="subtitle312" begin="11841830000t" end="11860598750t" region="region0" style="style0">비주얼이 남다르시니까</p>
<p xml:id="subtitle313" begin="11872277082t" end="11883121250t" region="region0" style="style0">상상을 하겠지</p>
<p xml:id="subtitle314" begin="11888960416t" end="11902307082t" region="region0" style="style0">[호영] 에이</p>
<p xml:id="subtitle315" begin="11915653750t" end="11933588332t" region="region0" style="style0">4년을 함께했는데</p>
<p xml:id="subtitle316" begin="11943181250t" end="11961115832t" region="region0" style="style0">내가 이렇게<br/>불명예 퇴장을 해서 미안해</p>
<p xml:id="subtitle317" begin="11983638332t" end="11996985000t" region="region0" style="style0">저도</p>
<p xml:id="subtitle318" begin="12006577916t" end="12024929582t" region="region0" style="style0">방송 하차했어요</p>
<p xml:id="subtitle319" begin="12033688332t" end="12043698332t" region="region0" style="style0">아니, 왜?</p>
<p xml:id="subtitle320" begin="12044532500t" end="12062050000t" region="region0" style="style0">여행 다녀오려고요</p>
<p xml:id="subtitle321" begin="12062884166t" end="12079984582t" region="region0" style="style0">뭐, 치앙마이 같은 데?</p>
<p xml:id="subtitle322" begin="12080818750t" end="12100004582t" region="region0" style="style0">[호영] 아, 선배님이랑 저랑</p>
<p xml:id="subtitle323" begin="12100838750t" end="12122110000t" region="region0" style="style0">4년 내내 휴가도 한번 못 갔잖아요</p>
<p xml:id="subtitle324" begin="12122944166t" end="12163818332t" region="region0" style="style0">방 PD가 소개해 준 남자라서<br/>그런 거라면 유책감 버려</p>
<p xml:id="subtitle325" begin="12164652500t" end="12177582082t" region="region0" style="style0">이렇게 만든 건 나야</p>
<p xml:id="subtitle326" begin="12188009166t" end="12208863332t" region="region0" style="style0">그런 거 아니고요</p>
<p xml:id="subtitle327" begin="12209697500t" end="12238059166t" region="region0" style="style0">몸이 너무 안 좋아서 요양차</p>
<p xml:id="subtitle328" begin="12244315416t" end="12253908332t" region="region0" style="style0">[웃음]</p>
<p xml:id="subtitle329" begin="12254742500t" end="12268089166t" region="region0" style="style0">[서진의 한숨]</p>
<p xml:id="subtitle330" begin="12291445832t" end="12312717082t" region="region0" style="style0">[익살스러운 음악]</p>
<p xml:id="subtitle331" begin="12344415416t" end="12359847500t" region="region0" style="style0">[찰랑거리는 소리]</p>
<p xml:id="subtitle332" begin="12374862500t" end="12388626250t" region="region0" style="style0">[숨 들이켜는 소리]</p>
<p xml:id="subtitle333" begin="12445349582t" end="12459947500t" region="region0" style="style0">[시원한 숨소리]</p>
<p xml:id="subtitle334" begin="12531685832t" end="12555042500t" region="region0" style="style0">[호영] 변호사는 어때요?</p>
<p xml:id="subtitle335" begin="12555876666t" end="12568806250t" region="region0" style="style0">잘할 거 같아요?</p>
<p xml:id="subtitle336" begin="12569640416t" end="12583404166t" region="region0" style="style0">[서진] 모르지</p>
<p xml:id="subtitle337" begin="12592580000t" end="12601755832t" region="region0" style="style0">믿음은 가</p>
<p xml:id="subtitle338" begin="12839910416t" end="12854925416t" region="region0" style="style0">[성한의 피곤한 숨소리]</p>
<p xml:id="subtitle339" begin="12930834582t" end="12945015416t" region="region0" style="style0">[방귀 소리]</p>
<p xml:id="subtitle340" begin="13108512082t" end="13117270832t" region="region0" style="style0">[노크 소리]</p>
<p xml:id="subtitle341" begin="13118105000t" end="13138959166t" region="region0" style="style0">[총성이 흘러나온다]</p>
<p xml:id="subtitle342" begin="13139793332t" end="13168572082t" region="region0" style="style0">[게임 소리가 계속된다]</p>
<p xml:id="subtitle343" begin="13222792916t" end="13234471250t" region="region0" style="style0">[현우] 꺼</p>
<p xml:id="subtitle344" begin="13235305416t" end="13244064166t" region="region0" style="style0">눈 나빠져</p>
<p xml:id="subtitle345" begin="13244898332t" end="13254491250t" region="region0" style="style0">꺼</p>
<p xml:id="subtitle346" begin="13371691666t" end="13386706666t" region="region0" style="style0">[서진] 좀 먹어 봐</p>
<p xml:id="subtitle347" begin="13387540832t" end="13405475416t" region="region0" style="style0">저녁도 많이 안 먹었잖아</p>
<p xml:id="subtitle348" begin="13406309582t" end="13415485416t" region="region0" style="style0">나가</p>
<p xml:id="subtitle349" begin="13512248749t" end="13532685832t" region="region0" style="style0">[문 닫히는 소리]</p>
<p xml:id="subtitle350" begin="13533519999t" end="13546866666t" region="region0" style="style0">[도어 록 작동음]</p>
<p xml:id="subtitle351" begin="13667820832t" end="13682001666t" region="region0" style="style0">[희섭] 왜 여기 있나?</p>
<p xml:id="subtitle352" begin="13682835832t" end="13706609582t" region="region0" style="style0">빈방에서 지낼 거야, 걱정하지 마</p>
<p xml:id="subtitle353" begin="13707443749t" end="13730383332t" region="region0" style="style0">호텔로 가, 두 번 말 안 해</p>
<p xml:id="subtitle354" begin="13747900832t" end="13768754999t" region="region0" style="style0">현우가 여기 있어</p>
<p xml:id="subtitle355" begin="13769589166t" end="13784604166t" region="region0" style="style0">그래서 나도 여기 있어야겠어</p>
<p xml:id="subtitle356" begin="13785438332t" end="13809212082t" region="region0" style="style0">변호사 알아보고 다닌다더니</p>
<p xml:id="subtitle357" begin="13810046249t" end="13828397916t" region="region0" style="style0">조언 좀 구했어?</p>
<p xml:id="subtitle358" begin="13829232082t" end="13841327499t" region="region0" style="style0">[희섭] 왜?</p>
<p xml:id="subtitle359" begin="13842161666t" end="13875945416t" region="region0" style="style0">양육권 챙겨 가려면<br/>애 옆에 있는 게 유리하다고 하던?</p>
<p xml:id="subtitle360" begin="13899302082t" end="13916402499t" region="region0" style="style0">- 좋은 말로 할 때 나가<br/>- [서진의 비명]</p>
<p xml:id="subtitle361" begin="13917236666t" end="13931834582t" region="region0" style="style0">- [무거운 음악]<br/>- [서진] 놔, 이거!</p>
<p xml:id="subtitle362" begin="13932668749t" end="13951437499t" region="region0" style="style0">[서진의 떨리는 숨소리]</p>
<p xml:id="subtitle363" begin="13952271666t" end="13981050416t" region="region0" style="style0">당신 이런 인간인 거<br/>세상이 다 알게 할 거야</p>
<p xml:id="subtitle364" begin="13981884582t" end="14001904582t" region="region0" style="style0">누가 니 말을 들어?</p>
<p xml:id="subtitle365" begin="14002738749t" end="14021507499t" region="region0" style="style0">아직도 정신 못 차렸어?</p>
<p xml:id="subtitle366" begin="14022341666t" end="14030683332t" region="region0" style="style0">[희섭] 오죽하면</p>
<p xml:id="subtitle367" begin="14031517499t" end="14059879166t" region="region0" style="style0">4년 동안 진행했던 프로그램도<br/>널 버리겠니?</p>
<p xml:id="subtitle368" begin="14066135416t" end="14090743332t" region="region0" style="style0">제발 정신 차리고<br/>니 살길이나 찾아</p>
<p xml:id="subtitle369" begin="14091577499t" end="14119104999t" region="region0" style="style0">내가 이 집에서 나갈 땐<br/>현우 데리고 나가는 거야</p>
<p xml:id="subtitle370" begin="14125778332t" end="14140376249t" region="region0" style="style0">내가 미쳤어?</p>
<p xml:id="subtitle371" begin="14141210416t" end="14157893749t" region="region0" style="style0">내 아들 너 같은<br/>화냥년한테 내주게?</p>
<p xml:id="subtitle372" begin="14158727916t" end="14186255416t" region="region0" style="style0">말조심해, 현우 들어</p>
<p xml:id="subtitle373" begin="14187089582t" end="14218370832t" region="region0" style="style0">아들이 걱정되는 년이<br/>바람을 피우다 못해 동영…</p>
<p xml:id="subtitle374" begin="14228380832t" end="14239224999t" region="region0" style="style0">[희섭] 아, 말을 말자</p>
<p xml:id="subtitle375" begin="14245481249t" end="14262164582t" region="region0" style="style0">나가라고, 빨리!</p>
<p xml:id="subtitle376" begin="14262998749t" end="14289692082t" region="region0" style="style0">조용히 좀 버티자<br/>제발 조용히 좀!</p>
<p xml:id="subtitle377" begin="14301370416t" end="14319722082t" region="region0" style="style0">[서진의 떨리는 숨소리]</p>
<p xml:id="subtitle378" begin="14337656666t" end="14361430416t" region="region0" style="style0">[희섭] 니가 이제<br/>눈에 뵈는 게 없지?</p>
<p xml:id="subtitle379" begin="14362264582t" end="14386038332t" region="region0" style="style0">따박따박 할 말 다 하고! 이씨</p>
<p xml:id="subtitle380" begin="14397716666t" end="14421490416t" region="region0" style="style0">내가 진작 너한테<br/>할 말 다 하고 살았으면</p>
<p xml:id="subtitle381" begin="14422324582t" end="14436922499t" region="region0" style="style0">진작 헤어졌겠지</p>
<p xml:id="subtitle382" begin="14449852082t" end="14471540416t" region="region0" style="style0">넌 사람도 아니라고</p>
<p xml:id="subtitle383" begin="14517836666t" end="14529514999t" region="region0" style="style0">- [희섭] 야<br/>- [게임 소리]</p>
<p xml:id="subtitle384" begin="14530349166t" end="14566635416t" region="region0" style="style0">너야말로 사람이면<br/>고개 못 들고 살아</p>
<p xml:id="subtitle385" begin="14567469582t" end="14581233332t" region="region0" style="style0">어디라고 기어들어 와</p>
<p xml:id="subtitle386" begin="14582067499t" end="14598750832t" region="region0" style="style0">아! 뒈지려고, 저, 씨</p>
<p xml:id="subtitle387" begin="14599584999t" end="14626278332t" region="region0" style="style0">[커지는 게임 소리]</p>
<p xml:id="subtitle388" begin="14719287916t" end="14741393332t" region="region0" style="style0">[거친 숨소리]</p>
<p xml:id="subtitle389" begin="14804372916t" end="14823141666t" region="region0" style="style0">[잘그락거리는 소리]</p>
<p xml:id="subtitle390" begin="14902387499t" end="14922407499t" region="region0" style="style0">[힘겨운 숨소리]</p>
<p xml:id="subtitle391" begin="14964949999t" end="14982050416t" region="region1" style="style0">[새 지저귀는 소리]</p>
<p xml:id="subtitle392" begin="14982884582t" end="15003321666t" region="region1" style="style0">[형근] 아니, 월세를<br/>몇 달을 밀린 거야?</p>
<p xml:id="subtitle393" begin="15018753749t" end="15035854166t" region="region0" style="style0">뉴스 안 보냐?</p>
<p xml:id="subtitle394" begin="15036688332t" end="15067969582t" region="region0" style="style0">[정식] 부동산 경기를 봐 가면서<br/>월세를 독촉해야지</p>
<p xml:id="subtitle395" begin="15068803749t" end="15099250832t" region="region0" style="style0">그리고 그걸 니가 왜 관리를 해?</p>
<p xml:id="subtitle396" begin="15100084999t" end="15112597499t" region="region0" style="style0">니, 니가 건물주야?</p>
<p xml:id="subtitle397" begin="15113431666t" end="15133451666t" region="region0" style="style0">[형근] 건물주 오면 더 깨져, 너</p>
<p xml:id="subtitle398" begin="15134285832t" end="15156391249t" region="region0" style="style0">내가 대신 전해 주는 게 낫지</p>
<p xml:id="subtitle399" begin="15157225416t" end="15170989166t" region="region0" style="style0">[정식] 하나도 안 무섭다, 야, 씨</p>
<p xml:id="subtitle400" begin="15171823332t" end="15184335832t" region="region0" style="style0">[출입문 종소리]</p>
<p xml:id="subtitle401" begin="15193928749t" end="15203521666t" region="region0" style="style0">야, 건물주 온다</p>
<p xml:id="subtitle402" begin="15204355832t" end="15228963749t" region="region0" style="style0">- [흥미로운 음악]<br/>- 아씨, 재수 없어, 정말, 씨</p>
<p xml:id="subtitle403" begin="15242310416t" end="15267335416t" region="region0" style="style0">[성한] 어이구, 요, 요!</p>
<p xml:id="subtitle404" begin="15268169582t" end="15282350416t" region="region0" style="style0">[정식] 아, 우리 성한이 왔구나</p>
<p xml:id="subtitle405" begin="15283184582t" end="15308209582t" region="region0" style="style0">- 응, 니 성한이는 아니고<br/>- [정식] 진짜?</p>
<p xml:id="subtitle406" begin="15324475832t" end="15351169166t" region="region0" style="style0">그, 아, 야, 야<br/>저기, 커피 한잔 타 줄까?</p>
<p xml:id="subtitle407" begin="15352003332t" end="15371189166t" region="region0" style="style0">음, 커피 샀어? [놀란 탄성]</p>
<p xml:id="subtitle408" begin="15372023332t" end="15388289582t" region="region0" style="style0">[성한] 이야, 저거<br/>백 개짜리는 얼마나 해?</p>
<p xml:id="subtitle409" begin="15389123749t" end="15409560832t" region="region0" style="style0">[정식] 야, 얼마 안 해<br/>저거 다 세일, 세일 [웃음]</p>
<p xml:id="subtitle410" begin="15410394999t" end="15421239166t" region="region0" style="style0">- [성한] 야<br/>- [정식] 응</p>
<p xml:id="subtitle411" begin="15422073332t" end="15430414999t" region="region0" style="style0">못 보던 뢀렉스네?</p>
<p xml:id="subtitle412" begin="15431249166t" end="15460444999t" region="region0" style="style0">- 아니야, 짝퉁, 짝퉁<br/>- [성한] 응, 이야</p>
<p xml:id="subtitle413" begin="15461279166t" end="15500902082t" region="region0" style="style0">그리고 앞에 저기, 뭐, 이거<br/>09구2, 2398?</p>
<p xml:id="subtitle414" begin="15501736249t" end="15515917082t" region="region0" style="style0">그, 차 바꾼 거야?</p>
<p xml:id="subtitle415" begin="15525092916t" end="15540942082t" region="region0" style="style0">[정식] 에이, 정말, 진짜</p>
<p xml:id="subtitle416" begin="15541776249t" end="15554288749t" region="region0" style="style0">[웃음]</p>
<p xml:id="subtitle417" begin="15555122916t" end="15574308749t" region="region0" style="style0">내가 그럴 돈이 어디 있어, 인마!</p>
<p xml:id="subtitle418" begin="15600167916t" end="15633534582t" region="region0" style="style0">야, 내가 차<br/>차 바꿀 돈 있으면 월세를 내지!</p>
<p xml:id="subtitle419" begin="15640624999t" end="15677745416t" region="region0" style="style0">친구 건물에서 월세 밀리는<br/>내, 내 마음은 어떨 거 같아?</p>
<p xml:id="subtitle420" begin="15678579582t" end="15706107082t" region="region0" style="style0">- 진짜, 나쁜 놈이네, 진짜<br/>- [성한] 음음, 화를 내?</p>
<p xml:id="subtitle421" begin="15706941249t" end="15740307916t" region="region0" style="style0">- [문 열리는 소리]<br/>- [정식] 야! 씨, 여기, 어?</p>
<p xml:id="subtitle422" begin="15741142082t" end="15765749999t" region="region0" style="style0">- 누가 영업집 앞에다 차를 대?<br/>- [자동차 리모컨 작동음]</p>
<p xml:id="subtitle423" begin="15766584166t" end="15788272499t" region="region0" style="style0">- [자동차 경적]<br/>- [정식의 놀란 탄성]</p>
<p xml:id="subtitle424" begin="15789106666t" end="15797865416t" region="region0" style="style0">[흥미로운 음악]</p>
<p xml:id="subtitle425" begin="15798699582t" end="15811212082t" region="region0" style="style0">[형근] 이야!</p>
<p xml:id="subtitle426" begin="15812046249t" end="15834568749t" region="region0" style="style0">야, 월세 안 내면서<br/>차 바꾸는 조정식이 너</p>
<p xml:id="subtitle427" begin="15835402916t" end="15849166666t" region="region0" style="style0">너 뭐니, 너?</p>
<p xml:id="subtitle428" begin="15850000832t" end="15867935416t" region="region0" style="style0">- 야, 넌 짜져<br/>- [형근] 이씨…</p>
<p xml:id="subtitle429" begin="15886287082t" end="15906724166t" region="region0" style="style0">[정식] 어, 아, 이거?</p>
<p xml:id="subtitle430" begin="15907558332t" end="15923824582t" region="region0" style="style0">야, 성한아, 내가 설명할 수 있어</p>
<p xml:id="subtitle431" begin="15924658749t" end="15937588332t" region="region0" style="style0">한번 해 봐, 설명해 줘</p>
<p xml:id="subtitle432" begin="15943427499t" end="15960527916t" region="region0" style="style0">- [정식] 그…<br/>- [성한] 응</p>
<p xml:id="subtitle433" begin="15961362082t" end="15985135832t" region="region0" style="style0">알잖아, 내가 어렸을 때 우리 집이</p>
<p xml:id="subtitle434" begin="15985969999t" end="16002236249t" region="region0" style="style0">- 형편이 좀 안 좋았잖아<br/>- [성한] 응</p>
<p xml:id="subtitle435" begin="16003070416t" end="16021839166t" region="region0" style="style0">[정식] 내가 막, 어?<br/>엄마한테 막…</p>
<p xml:id="subtitle436" begin="16022673332t" end="16049366666t" region="region0" style="style0">[성한] 좀 루즈한데<br/>뭐 좀 먹으면서 들을까? 배고파</p>
<p xml:id="subtitle437" begin="16050200832t" end="16062713332t" region="region0" style="style0">들으면서 먹어도 되고</p>
<p xml:id="subtitle438" begin="16063547499t" end="16078145416t" region="region0" style="style0">[정식] 어, 좋지, 좋지, 응</p>
<p xml:id="subtitle439" begin="16086487082t" end="16100250832t" region="region0" style="style0">- 응, 먹자<br/>- [성한] 아, 배고파</p>
<p xml:id="subtitle440" begin="16101084999t" end="16113180416t" region="region0" style="style0">- [정식] 가자<br/>- [형근의 탄성]</p>
<p xml:id="subtitle441" begin="16114014582t" end="16138622499t" region="region0" style="style0">- [성한] 야, 차가 스포츠카<br/>- [정식] 어</p>
<p xml:id="subtitle442" begin="16139456666t" end="16154888749t" region="region0" style="style0">- 어, 그래?<br/>- [형근] 진짜?</p>
<p xml:id="subtitle443" begin="16155722916t" end="16186587082t" region="region0" style="style0">- [성한] 야, 시트가 레드야, 레드<br/>- [형근] 어</p>
<p xml:id="subtitle444" begin="16187421249t" end="16202853332t" region="region0" style="style0">- [성한] 이거 봐<br/>- [정식] 요즘 시트가…</p>
<p xml:id="subtitle445" begin="16203687499t" end="16224541666t" region="region0" style="style0">- [성한] 아, 스포츠카!<br/>- [정식의 당황한 소리]</p>
<p xml:id="subtitle446" begin="16242893332t" end="16259576666t" region="region0" style="style0">[성한] 아니, 이게 뭔 일이래</p>
<p xml:id="subtitle447" begin="16260410832t" end="16272506249t" region="region0" style="style0">[형근] 그러게</p>
<p xml:id="subtitle448" begin="16307541249t" end="16319636666t" region="region0" style="style0">[휴대전화 진동음]</p>
<p xml:id="subtitle449" begin="16346329999t" end="16379696666t" region="region0" style="style0">[정식] 예, 최고의 부동산<br/>조정식 부동산, 대표 조정식입니다</p>
<p xml:id="subtitle450" begin="16391374999t" end="16405972916t" region="region0" style="style0">아, 지금요?</p>
<p xml:id="subtitle451" begin="16406807082t" end="16430580832t" region="region0" style="style0">아, 지금, 무조건 지금요? 예</p>
<p xml:id="subtitle452" begin="16431414999t" end="16449349582t" region="region0" style="style0">아, 그럼요, 예, 아, 예</p>
<p xml:id="subtitle453" begin="16450183749t" end="16468952499t" region="region0" style="style0">끊지 마세요, 예, 금방<br/>예, 금방 갑니다</p>
<p xml:id="subtitle454" begin="16469786666t" end="16483133332t" region="region0" style="style0">[성한] 연기하는 거 같은데?</p>
<p xml:id="subtitle455" begin="16483967499t" end="16497731249t" region="region0" style="style0">[형근] 구라쟁이야, 저거</p>
<p xml:id="subtitle456" begin="16498565416t" end="16519836666t" region="region0" style="style0">[한숨 쉬며] 할머니<br/>많이 편찮으신가?</p>
<p xml:id="subtitle457" begin="16520670832t" end="16536519999t" region="region0" style="style0">[성한] 야, 할머니 번호 없어?</p>
<p xml:id="subtitle458" begin="16543610416t" end="16557791249t" region="region0" style="style0">[형근] 가게 번호 있지</p>
<p xml:id="subtitle459" begin="16558625416t" end="16577394166t" region="region0" style="style0">- 여, 여기도 쓰여 있는 그 번호?<br/>- [형근] 어</p>
<p xml:id="subtitle460" begin="16578228332t" end="16604921666t" region="region0" style="style0">[성한] 이 번호? 난 눈 없냐? 어?</p>
<p xml:id="subtitle461" begin="16605755832t" end="16617017082t" region="region0" style="style0">편의점 가자</p>
<p xml:id="subtitle462" begin="16617851249t" end="16639956666t" region="region0" style="style0">빨리 먹고 들어가야겠다<br/>오늘 이서진 씨 미팅 와</p>
<p xml:id="subtitle463" begin="16649966666t" end="16669986666t" region="region0" style="style0">[형근] 나 배 안 고파<br/>먼저 먹고 와</p>
<p xml:id="subtitle464" begin="16732549166t" end="16748815416t" region="region0" style="style0">너 솔직하게 말해 봐</p>
<p xml:id="subtitle465" begin="16749649582t" end="16760910832t" region="region0" style="style0">[성한] 뭘?</p>
<p xml:id="subtitle466" begin="16768835416t" end="16783850416t" region="region0" style="style0">[형근] 이서진 씨 말이야</p>
<p xml:id="subtitle467" begin="16790106666t" end="16815965832t" region="region0" style="style0">양육권 가져오고 싶다니까<br/>변호 맡은 거지?</p>
<p xml:id="subtitle468" begin="16816799999t" end="16840156666t" region="region0" style="style0">[잔잔한 음악]</p>
<p xml:id="subtitle469" begin="16894794582t" end="16906889999t" region="region0" style="style0">[한숨]</p>
<p xml:id="subtitle470" begin="17069969582t" end="17088321249t" region="region0" style="style0">사무실이 앤틱하네요?</p>
<p xml:id="subtitle471" begin="17097497082t" end="17118768332t" region="region0" style="style0">네, 좀 낡았죠?</p>
<p xml:id="subtitle472" begin="17129612499t" end="17156722916t" region="region0" style="style0">그래도 이게 뭐, 좀, 코리아</p>
<p xml:id="subtitle473" begin="17157557082t" end="17189255416t" region="region0" style="style0">오리지널 빈티지 아니겠습니까?</p>
<p xml:id="subtitle474" begin="17204687499t" end="17226792916t" region="region0" style="style0">- [성한] 씨, 아, 깜짝이야<br/>- [발랄한 음악]</p>
<p xml:id="subtitle475" begin="17235551666t" end="17261410832t" region="region0" style="style0">저기, 사무장님, 마실 것 좀</p>
<p xml:id="subtitle476" begin="17262245000t" end="17287687082t" region="region0" style="style0">- 아, 예, 그럴까요?<br/>- [성한] 네</p>
<p xml:id="subtitle477" begin="17331480832t" end="17346912916t" region="region0" style="style0">아, 죄송합니다</p>
<p xml:id="subtitle478" begin="17367350000t" end="17380696666t" region="region0" style="style0">그, 어떻게</p>
<p xml:id="subtitle479" begin="17390289582t" end="17405721666t" region="region0" style="style0">집에는 들어가셨어요?</p>
<p xml:id="subtitle480" begin="17416982916t" end="17425741666t" region="region0" style="style0">네</p>
<p xml:id="subtitle481" begin="17426575832t" end="17457440000t" region="region0" style="style0">음, 좀 힘들겠지만 좀</p>
<p xml:id="subtitle482" begin="17458274166t" end="17468284166t" region="region0" style="style0">버티셔야 할 겁니다</p>
<p xml:id="subtitle483" begin="17474957500t" end="17490389582t" region="region0" style="style0">버티는 거 잘해요</p>
<p xml:id="subtitle484" begin="17491223750t" end="17502067916t" region="region0" style="style0">[성한] 음</p>
<p xml:id="subtitle485" begin="17502902082t" end="17524590416t" region="region0" style="style0">씁, 그, 제가 반소장 쓰기 전에</p>
<p xml:id="subtitle486" begin="17525424582t" end="17555454582t" region="region0" style="style0">몇 가지 사실 관계를 좀<br/>확인을 해야 해서요</p>
<p xml:id="subtitle487" begin="17562962082t" end="17582982082t" region="region0" style="style0">어, 그러니까 그게…</p>
<p xml:id="subtitle488" begin="17583816250t" end="17607590000t" region="region0" style="style0">돌려서 말하면 길어지잖아요?</p>
<p xml:id="subtitle489" begin="17613846250t" end="17634700416t" region="region0" style="style0">배려 같은 거 필요 없으니까</p>
<p xml:id="subtitle490" begin="17641373750t" end="17658891250t" region="region0" style="style0">정확하게 질문하시죠</p>
<p xml:id="subtitle491" begin="17659725416t" end="17679328332t" region="region0" style="style0">고맙습니다, 자, 그러면</p>
<p xml:id="subtitle492" begin="17680162500t" end="17703519166t" region="region0" style="style0">외도는 언제부터…</p>
<p xml:id="subtitle493" begin="17704353332t" end="17720202500t" region="region0" style="style0">1년 전?</p>
<p xml:id="subtitle494" begin="17770252500t" end="17786935832t" region="region0" style="style0">[휴대전화 진동음]</p>
<p xml:id="subtitle495" begin="17860759582t" end="17879528332t" region="region0" style="style0">[잔잔한 음악이 흐른다]</p>
<p xml:id="subtitle496" begin="17893292082t" end="17906221666t" region="region0" style="style0">[탄성]</p>
<p xml:id="subtitle497" begin="17920402500t" end="17945844582t" region="region0" style="style0">청취율 조사 기간만 되면<br/>폭식하더라?</p>
<p xml:id="subtitle498" begin="17946678750t" end="17959191250t" region="region0" style="style0">그렇게 쫄려?</p>
<p xml:id="subtitle499" begin="17960025416t" end="17978377082t" region="region0" style="style0">광고가 달려 있으니까 쫄죠</p>
<p xml:id="subtitle500" begin="17989221250t" end="18000065416t" region="region0" style="style0">[호영] 여기 맛있어요</p>
<p xml:id="subtitle501" begin="18000899582t" end="18015497500t" region="region0" style="style0">친구가 하는 레스토랑이거든요</p>
<p xml:id="subtitle502" begin="18016331666t" end="18043025000t" region="region0" style="style0">셰프 새로 왔는데 반응 좋대요</p>
<p xml:id="subtitle503" begin="18043859166t" end="18058040000t" region="region0" style="style0">괜찮네</p>
<p xml:id="subtitle504" begin="18078894166t" end="18094326250t" region="region0" style="style0">[남자] 실례합니다</p>
<p xml:id="subtitle505" begin="18095160416t" end="18118934166t" region="region0" style="style0">아, 제가 이서진 님<br/>정말 너무 팬이라서</p>
<p xml:id="subtitle506" begin="18119768332t" end="18134783332t" region="region0" style="style0">긴장하면서 요리했는데</p>
<p xml:id="subtitle507" begin="18135617500t" end="18149798332t" region="region0" style="style0">어떻게, 입맛에 맞으세요?</p>
<p xml:id="subtitle508" begin="18156471666t" end="18181913750t" region="region0" style="style0">네, 맛있네요, 감사합니다</p>
<p xml:id="subtitle509" begin="18182747916t" end="18195260416t" region="region0" style="style0">[멋쩍은 웃음]</p>
<p xml:id="subtitle510" begin="18212777916t" end="18227375832t" region="region0" style="style0">아, 정말 맛있어요</p>
<p xml:id="subtitle511" begin="18236134582t" end="18253652082t" region="region0" style="style0">사장님한테 말씀 많이 들었어요</p>
<p xml:id="subtitle512" begin="18254486250t" end="18278260000t" region="region0" style="style0">아유, 네, 감사합니다</p>
<p xml:id="subtitle513" begin="18284933332t" end="18304536250t" region="region0" style="style0">[남자] 네, 그럼<br/>즐거운 시간 되세요</p>
<p xml:id="subtitle514" begin="18305370416t" end="18315797500t" region="region0" style="style0">[호영] 네</p>
<p xml:id="subtitle515" begin="18322887916t" end="18342073750t" region="region0" style="style0">- [툭 부딪는 소리]<br/>- [손님들의 놀란 소리]</p>
<p xml:id="subtitle516" begin="18342907916t" end="18357922916t" region="region0" style="style0">[남자] 아, 죄송합니다</p>
<p xml:id="subtitle517" begin="18367515832t" end="18377108750t" region="region0" style="style0">[호영] 찐 팬인가 봐요</p>
<p xml:id="subtitle518" begin="18377942916t" end="18412977916t" region="region0" style="style0">선배님 얼굴 보느라<br/>앞도 안 보이나 봐, 설레 가지고</p>
<p xml:id="subtitle519" begin="18413812082t" end="18433832082t" region="region0" style="style0">- [호영의 웃음]<br/>- 그런 농담 꺼내지 마</p>
<p xml:id="subtitle520" begin="18441339582t" end="18456354582t" region="region0" style="style0">진짜 부탁이야</p>
<p xml:id="subtitle521" begin="18462610832t" end="18473455000t" region="region0" style="style0">오케이</p>
<p xml:id="subtitle522" begin="18492640832t" end="18509741250t" region="region0" style="style0">[호영의 웃음]</p>
<p xml:id="subtitle523" begin="18510575416t" end="18522253750t" region="region0" style="style0">[호영] 드세요</p>
<p xml:id="subtitle524" begin="18563962082t" end="18585233332t" region="region0" style="style0">[의미심장한 음악]</p>
<p xml:id="subtitle525" begin="18644876250t" end="18661976666t" region="region0" style="style0">[서진] 나쁘지 않더라고요</p>
<p xml:id="subtitle526" begin="18668650000t" end="18680745416t" region="region0" style="style0">아직도 누군가</p>
<p xml:id="subtitle527" begin="18689921250t" end="18711609582t" region="region0" style="style0">나를 보고 설레 하니까</p>
<p xml:id="subtitle528" begin="18712443750t" end="18732463750t" region="region0" style="style0">그랬어요, 그때</p>
<p xml:id="subtitle529" begin="18760825416t" end="18775423332t" region="region0" style="style0">자주 갔어요</p>
<p xml:id="subtitle530" begin="18776257500t" end="18797528750t" region="region0" style="style0">[성한] 음, 그 레스토랑에요?</p>
<p xml:id="subtitle531" begin="18798362916t" end="18835066250t" region="region0" style="style0">[서진] 거길 가면<br/>내가 빛이 나는 거 같아서</p>
<p xml:id="subtitle532" begin="18835900416t" end="18860925416t" region="region0" style="style0">[성한] 어, 이런 이슈로<br/>남편분하고 뭐</p>
<p xml:id="subtitle533" begin="18861759582t" end="18888452916t" region="region0" style="style0">자주 갈등 같은 게 있었나요?</p>
<p xml:id="subtitle534" begin="18889287082t" end="18903050832t" region="region0" style="style0">[서진] 처음이에요</p>
<p xml:id="subtitle535" begin="18909307082t" end="18917648750t" region="region0" style="style0">[노크 소리]</p>
<p xml:id="subtitle536" begin="18918482916t" end="18931829582t" region="region0" style="style0">[성한] 네</p>
<p xml:id="subtitle537" begin="18932663750t" end="18945176250t" region="region0" style="style0">[성한의 당황한 소리]</p>
<p xml:id="subtitle538" begin="18966447500t" end="18994392082t" region="region0" style="style0">[형근] 새봄 씨, 내게 맡겨요, 네</p>
<p xml:id="subtitle539" begin="19024422082t" end="19039437082t" region="region0" style="style0">[힘주는 소리]</p>
<p xml:id="subtitle540" begin="19040271250t" end="19054869166t" region="region0" style="style0">자</p>
<p xml:id="subtitle541" begin="19088652916t" end="19106587500t" region="region0" style="style0">[성한] 네, 그러면</p>
<p xml:id="subtitle542" begin="19116180416t" end="19129110000t" region="region0" style="style0">그…</p>
<p xml:id="subtitle543" begin="19215446250t" end="19228375832t" region="region0" style="style0">[한숨]</p>
<p xml:id="subtitle544" begin="19269667082t" end="19290938332t" region="region0" style="style0">- 사무장님<br/>- [형근] 아, 예</p>
<p xml:id="subtitle545" begin="19291772500t" end="19307204582t" region="region0" style="style0">문 닫고 가셔야죠</p>
<p xml:id="subtitle546" begin="19313043750t" end="19323887916t" region="region0" style="style0">예</p>
<p xml:id="subtitle547" begin="19324722082t" end="19336817500t" region="region0" style="style0">[삐거덕]</p>
<p xml:id="subtitle548" begin="19372269582t" end="19385616250t" region="region0" style="style0">죄송합니다</p>
<p xml:id="subtitle549" begin="19394792082t" end="19407721666t" region="region0" style="style0">드세요</p>
<p xml:id="subtitle550" begin="19536600416t" end="19557037500t" region="region0" style="style0">보통의 남편들이</p>
<p xml:id="subtitle551" begin="19567464582t" end="19594157916t" region="region0" style="style0">아내의 속옷을<br/>완벽하게 기억할까요?</p>
<p xml:id="subtitle552" begin="19619600000t" end="19634615000t" region="region0" style="style0">그 인간은 기억해요</p>
<p xml:id="subtitle553" begin="19654217916t" end="19670901250t" region="region0" style="style0">[서진] 선물받은</p>
<p xml:id="subtitle554" begin="19671735416t" end="19700931250t" region="region0" style="style0">내가 입지도 않는 속옷도<br/>다 알아요</p>
<p xml:id="subtitle555" begin="19717197500t" end="19736800416t" region="region0" style="style0">아침, 저녁</p>
<p xml:id="subtitle556" begin="19743056666t" end="19760574166t" region="region0" style="style0">사진을 찍어서 기록하거든요</p>
<p xml:id="subtitle557" begin="19780594166t" end="19799780000t" region="region0" style="style0">언젠가 들킬 걸 알았어요</p>
<p xml:id="subtitle558" begin="19808121666t" end="19821468332t" region="region0" style="style0">근데 이렇게</p>
<p xml:id="subtitle559" begin="19834815000t" end="19864010832t" region="region0" style="style0">난장판으로 박살 날 줄은<br/>상상도 못 했어</p>
<p xml:id="subtitle560" begin="19864845000t" end="19893623750t" region="region0" style="style0">그럼 남편분이<br/>이 상황을 알게 된 건</p>
<p xml:id="subtitle561" begin="19894457916t" end="19903633750t" region="region0" style="style0">언제쯤인가요?</p>
<p xml:id="subtitle562" begin="19904467916t" end="19923653750t" region="region0" style="style0">동영상이 터지면서요</p>
<p xml:id="subtitle563" begin="19934497916t" end="19959940000t" region="region0" style="style0">개새끼 피하려다<br/>쌍놈 만난 거지, 뭐</p>
<p xml:id="subtitle564" begin="20016663332t" end="20033763750t" region="region0" style="style0">[서진] 제가</p>
<p xml:id="subtitle565" begin="20034597916t" end="20050030000t" region="region0" style="style0">그렇게 잘못한 건가요?</p>
<p xml:id="subtitle566" begin="20061291250t" end="20093823750t" region="region0" style="style0">외도는 유책이니까 알아서 하시고</p>
<p xml:id="subtitle567" begin="20105085000t" end="20121351250t" region="region0" style="style0">유출 스캔들은</p>
<p xml:id="subtitle568" begin="20139285832t" end="20165979166t" region="region0" style="style0">[성한] 이런 엿같은 상황에는<br/>분노를 해야죠</p>
<p xml:id="subtitle569" begin="20171818332t" end="20194340832t" region="region0" style="style0">쌍놈의 새끼, 그거</p>
<p xml:id="subtitle570" begin="20206436250t" end="20217697500t" region="region0" style="style0">남다르시네요</p>
<p xml:id="subtitle571" begin="20223536666t" end="20235632082t" region="region0" style="style0">고맙습니다</p>
<p xml:id="subtitle572" begin="20236466250t" end="20267330416t" region="region0" style="style0">씁, 조정 기일이<br/>이미 잡혀 있어 가지고</p>
<p xml:id="subtitle573" begin="20268164582t" end="20287350416t" region="region0" style="style0">시간이 조금 빠듯합니다마는</p>
<p xml:id="subtitle574" begin="20288184582t" end="20299862916t" region="region0" style="style0">어떻게 뭐</p>
<p xml:id="subtitle575" begin="20309872916t" end="20321968332t" region="region0" style="style0">잘 한번 준비해 봐야죠</p>
<p xml:id="subtitle576" begin="20379942916t" end="20391621250t" region="region0" style="style0">[서진] 아!</p>
<p xml:id="subtitle577" begin="20392455416t" end="20424153750t" region="region0" style="style0">조정일 날 어떤 복장이 좋을까요?</p>
<p xml:id="subtitle578" begin="20430827082t" end="20447510416t" region="region0" style="style0">- 네?<br/>- [서진] 올 블랙?</p>
<p xml:id="subtitle579" begin="20448344582t" end="20470450000t" region="region0" style="style0">그러면 세 보일 거 같고</p>
<p xml:id="subtitle580" begin="20471284166t" end="20493389582t" region="region0" style="style0">플랫 슈즈가 낫겠죠? 힐보다</p>
<p xml:id="subtitle581" begin="20504650832t" end="20517997500t" region="region0" style="style0">[망설이는 소리]</p>
<p xml:id="subtitle582" begin="20538434582t" end="20549278750t" region="region0" style="style0">농담한 거예요</p>
<p xml:id="subtitle583" begin="20550112916t" end="20575555000t" region="region0" style="style0">아이고, 텐션이 좋으시네요</p>
<p xml:id="subtitle584" begin="20582228332t" end="20621851250t" region="region0" style="style0">[성한] 저, 혹시<br/>더 높은 힐도 있으세요?</p>
<p xml:id="subtitle585" begin="20622685416t" end="20639368750t" region="region0" style="style0">뭐, 이만해지는 거?</p>
<p xml:id="subtitle586" begin="20667730416t" end="20681494166t" region="region0" style="style0">농담입니다</p>
<p xml:id="subtitle587" begin="20682328332t" end="20709438750t" region="region0" style="style0">그냥 원하는 스타일로 오세요, 예</p>
<p xml:id="subtitle588" begin="20723619582t" end="20741554166t" region="region0" style="style0">쇼핑 가야겠네</p>
<p xml:id="subtitle589" begin="20795357916t" end="20809121666t" region="region0" style="style0">[지친 소리]</p>
<p xml:id="subtitle590" begin="20816629166t" end="20844990832t" region="region0" style="style0">아, 기 빨려, 아!</p>
<p xml:id="subtitle591" begin="20856669166t" end="20870015832t" region="region0" style="style0">아…</p>
<p xml:id="subtitle592" begin="20881277082t" end="20900880000t" region="region0" style="style0">[멀리 개 짖는 소리]</p>
<p xml:id="subtitle593" begin="20906719166t" end="20924236666t" region="region0" style="style0">[형근] 58,900원</p>
<p xml:id="subtitle594" begin="20925070832t" end="20945090832t" region="region0" style="style0">- 6만 원으로 정리하자<br/>- [익살스러운 음악]</p>
<p xml:id="subtitle595" begin="20945925000t" end="20966779166t" region="region0" style="style0">[성한] 쯧, 석연치 않지만 콜</p>
<p xml:id="subtitle596" begin="21072301250t" end="21085647916t" region="region0" style="style0">장비는?</p>
<p xml:id="subtitle597" begin="21165310832t" end="21186582082t" region="region0" style="style0">[성한] 아, 아, 아, 동작 그만</p>
<p xml:id="subtitle598" begin="21187416250t" end="21220782916t" region="region0" style="style0">야, 왜 너는 세 포기고<br/>나는 두 포기야?</p>
<p xml:id="subtitle599" begin="21221617082t" end="21237049166t" region="region0" style="style0">[형근의 헛웃음]</p>
<p xml:id="subtitle600" begin="21237883332t" end="21272084166t" region="region0" style="style0">[형근] 짝은 거 세 포기<br/>큰 거 두 포기</p>
<p xml:id="subtitle601" begin="21272918332t" end="21295440832t" region="region0" style="style0">- 알맞다고 보는데? 응<br/>- [성한] 알맞다고?</p>
<p xml:id="subtitle602" begin="21296275000t" end="21318797500t" region="region0" style="style0">야, 니 거는 깊이가 있잖아</p>
<p xml:id="subtitle603" begin="21319631666t" end="21339651666t" region="region0" style="style0">아무리 봐도 세 포기가 많지, 인마</p>
<p xml:id="subtitle604" begin="21340485832t" end="21354666666t" region="region0" style="style0">니 건 넓…</p>
<p xml:id="subtitle605" begin="21366345000t" end="21393872500t" region="region0" style="style0">저울은 없고, 체중계 가져올까?</p>
<p xml:id="subtitle606" begin="21394706666t" end="21427239166t" region="region0" style="style0">[성한] 야, 58,900원에서<br/>6만 원 냈지?</p>
<p xml:id="subtitle607" begin="21428073332t" end="21446425000t" region="region0" style="style0">내가 얼마 더 냈어?<br/>1,100원 더 냈지?</p>
<p xml:id="subtitle608" begin="21447259166t" end="21471867082t" region="region0" style="style0">1,100원 더 냈으면은…</p>
<p xml:id="subtitle609" begin="21472701250t" end="21481042916t" region="region0" style="style0">뭐야, 이거?</p>
<p xml:id="subtitle610" begin="21481877082t" end="21506067916t" region="region0" style="style0">일부러 빼놓은 거 아니야<br/>주려고 했어, 넣으려고 했어</p>
<p xml:id="subtitle611" begin="21506902082t" end="21522751250t" region="region0" style="style0">- 내가 그러면 김치를…<br/>- [성한] 야</p>
<p xml:id="subtitle612" begin="21523585416t" end="21541520000t" region="region0" style="style0">김치랑 김칫소는<br/>이렇게 쏙 빼놓고, 너</p>
<p xml:id="subtitle613" begin="21542354166t" end="21560288750t" region="region0" style="style0">- 뺀 거 아니…<br/>- [성한] 우리가 그런 관계야?</p>
<p xml:id="subtitle614" begin="21561122916t" end="21579057500t" region="region0" style="style0">- [형근] 아니, 주려고 내가…<br/>- 빨리 넣어</p>
<p xml:id="subtitle615" begin="21579891666t" end="21602414166t" region="region0" style="style0">[성한] 됐어, 이걸로 퉁<br/>이걸로 퉁쳐</p>
<p xml:id="subtitle616" begin="21603248332t" end="21615343750t" region="region0" style="style0">[형근] 이거 다는 안 돼, 이거</p>
<p xml:id="subtitle617" begin="21616177916t" end="21625770832t" region="region0" style="style0">다 넣어!</p>
<p xml:id="subtitle618" begin="21626605000t" end="21643288332t" region="region0" style="style0">이거 너가 다 가져가면<br/>나는 김치찌개 뭘로 먹어?</p>
<p xml:id="subtitle619" begin="21644122500t" end="21660805832t" region="region0" style="style0">[성한] 야, 내가 1,100원 더 냈어</p>
<p xml:id="subtitle620" begin="21661640000t" end="21677489166t" region="region0" style="style0">[형근] 야, 1,100원 넘어, 요즘…</p>
<p xml:id="subtitle621" begin="21678323332t" end="21698343332t" region="region0" style="style0">- 됐어, 다 넣어<br/>- [형근의 한숨]</p>
<p xml:id="subtitle622" begin="21715443750t" end="21732544166t" region="region0" style="style0">[성한] 이게 맞는 거지</p>
<p xml:id="subtitle623" begin="21733378332t" end="21748810416t" region="region0" style="style0">이 새끼가, 이거<br/>양아치 새끼네, 이거</p>
<p xml:id="subtitle624" begin="21749644582t" end="21775503750t" region="region0" style="style0">[형근] 이렇게 해야지<br/>이게 그래도 모양이 나지</p>
<p xml:id="subtitle625" begin="21776337916t" end="21791352916t" region="region0" style="style0">- 이거 놔, 이파리 놔<br/>- [형근] 이거 없으면…</p>
<p xml:id="subtitle626" begin="21792187082t" end="21808453332t" region="region0" style="style0">끊기면 안 돼, 이거 없으면은</p>
<p xml:id="subtitle627" begin="21809287500t" end="21821800000t" region="region0" style="style0">무만 가져가, 됐어</p>
<p xml:id="subtitle628" begin="21822634166t" end="21843905416t" region="region0" style="style0">- 됐어, 여기까지<br/>- [형근의 못마땅한 숨소리]</p>
<p xml:id="subtitle629" begin="21844739582t" end="21854749582t" region="region0" style="style0">됐어, 딜?</p>
<p xml:id="subtitle630" begin="21855583750t" end="21868096250t" region="region0" style="style0">알았어</p>
<p xml:id="subtitle631" begin="21913975416t" end="21926905000t" region="region0" style="style0">[형근] 아, 없어</p>
<p xml:id="subtitle632" begin="21957769166t" end="21972367082t" region="region0" style="style0">[도어 록 조작음]</p>
<p xml:id="subtitle633" begin="21986130832t" end="22010321666t" region="region0" style="style0">- [도어 록 작동음]<br/>- [문소리]</p>
<p xml:id="subtitle634" begin="22045773750t" end="22054949582t" region="region0" style="style0">[스위치 조작음]</p>
<p xml:id="subtitle635" begin="22081225832t" end="22094155416t" region="region0" style="style0">[성한] 아휴</p>
<p xml:id="subtitle636" begin="22143788332t" end="22158386250t" region="region0" style="style0">[성한의 지친 숨소리]</p>
<p xml:id="subtitle637" begin="22253898332t" end="22270581666t" region="region0" style="style0">[쓱쓱 손 비비는 소리]</p>
<p xml:id="subtitle638" begin="22279340416t" end="22298943332t" region="region0" style="style0">[스위치 조작음]</p>
<p xml:id="subtitle639" begin="22445756666t" end="22471198750t" region="region0" style="style0">[구성진 음악이 흐른다]</p>
<p xml:id="subtitle640" begin="22723951250t" end="22765242500t" region="region0" style="style0">[오디오 속 가수] ♪ 어쩌다가<br/>한바탕 ♪</p>
<p xml:id="subtitle641" begin="22771081666t" end="22808202082t" region="region0" style="style0">♪ 턱 빠지게 웃는다 ♪</p>
<p xml:id="subtitle642" begin="22826553750t" end="22864091250t" region="region0" style="style0">♪ 그리고는 아픔을 ♪</p>
<p xml:id="subtitle643" begin="22876186666t" end="22916226666t" region="region0" style="style0">♪ 그 웃음에 묻는다 ♪</p>
<p xml:id="subtitle644" begin="22927905000t" end="22964191250t" region="region0" style="style0">♪ 그저 와 준 오늘이 ♪</p>
<p xml:id="subtitle645" begin="22977955000t" end="23015075416t" region="region0" style="style0">♪ 고맙기는 하여도 ♪</p>
<p xml:id="subtitle646" begin="23030090416t" end="23068045000t" region="region0" style="style0">♪ 죽어도 오고 마는 ♪</p>
<p xml:id="subtitle647" begin="23080974582t" end="23122265832t" region="region0" style="style0">♪ 또 내일이 두렵다 ♪</p>
<p xml:id="subtitle648" begin="23147707916t" end="23178989166t" region="region0" style="style0">- ♪ 아, 테스 형 ♪<br/>- [계속되는 가수의 노랫소리]</p>
<p xml:id="subtitle649" begin="23179823332t" end="23212772916t" region="region0" style="style0">♪ 아프다, 세상이 ♪</p>
<p xml:id="subtitle650" begin="23213607082t" end="23256149582t" region="region0" style="style0">♪ 눈물 많은 나에게 ♪</p>
<p xml:id="subtitle651" begin="23256983750t" end="23290350416t" region="region0" style="style0">- [쾅]<br/>- ♪ 아, 테스 형 ♪</p>
<p xml:id="subtitle652" begin="23299943332t" end="23337480832t" region="region0" style="style0">♪ 소크라테스 형 ♪</p>
<p xml:id="subtitle653" begin="23338315000t" end="23407133750t" region="region0" style="style0">♪ 세월은 또 왜 저래 ♪</p>
<p xml:id="subtitle654" begin="23424234166t" end="23441751666t" region="region0" style="style0">- [초인종 소리]<br/>- [숨 들이켜는 소리]</p>
<p xml:id="subtitle655" begin="23450510416t" end="23459269166t" region="region0" style="style0">[버튼 조작음]</p>
<p xml:id="subtitle656" begin="23460103332t" end="23469696250t" region="region0" style="style0">예, 여보세요</p>
<p xml:id="subtitle657" begin="23470530416t" end="23487630832t" region="region0" style="style0">[남자] 잠 좀 잡시다</p>
<p xml:id="subtitle658" begin="23488465000t" end="23505565416t" region="region0" style="style0">아, 예, 예, 예</p>
<p xml:id="subtitle659" begin="23506399582t" end="23524334166t" region="region0" style="style0">[남자] 혼자 삽니까? 잠 좀 잡시다</p>
<p xml:id="subtitle660" begin="23525168332t" end="23542268750t" region="region0" style="style0">- 아, 예, 죄송합니다, 예, 예<br/>- [인터폰 종료음]</p>
<p xml:id="subtitle661" begin="23543102916t" end="23561037500t" region="region0" style="style0">죄송해요, 예, 이씨</p>
<p xml:id="subtitle662" begin="23601911666t" end="23620680416t" region="region0" style="style0">[작아지는 음악 소리]</p>
<p xml:id="subtitle663" begin="23655298332t" end="23676152500t" region="region0" style="style0">[작게] ♪ 아, 테스 형 ♪</p>
<p xml:id="subtitle664" begin="23701594582t" end="23720780416t" region="region0" style="style0">♪ 아, 테스 형 ♪</p>
<p xml:id="subtitle665" begin="24013572916t" end="24035261250t" region="region0" style="style0">[변호사] 지난해 3월 24일</p>
<p xml:id="subtitle666" begin="24036095416t" end="24077386666t" region="region0" style="style0">의뢰인의 아들, 강현우 군의<br/>학부모 참여 학습 날이었죠</p>
<p xml:id="subtitle667" begin="24078220832t" end="24114924166t" region="region0" style="style0">이서진 씨가 꼭 참가하겠다고<br/>현우 군과 약속한 날입니다</p>
<p xml:id="subtitle668" begin="24115758332t" end="24148707916t" region="region0" style="style0">그날 이서진 씨는<br/>학교에 나타나지 않았고요</p>
<p xml:id="subtitle669" begin="24155798332t" end="24183325832t" region="region0" style="style0">실망한 현우 군은<br/>학습 도중 뛰쳐나갔습니다</p>
<p xml:id="subtitle670" begin="24184160000t" end="24215858332t" region="region0" style="style0">어, 화가 많이 나서<br/>학교를 벗어나고 싶었다는</p>
<p xml:id="subtitle671" begin="24216692500t" end="24240049166t" region="region0" style="style0">현우 군의 진술을 제출했습니다</p>
<p xml:id="subtitle672" begin="24240883332t" end="24251310416t" region="region0" style="style0">그날</p>
<p xml:id="subtitle673" begin="24252144582t" end="24271747500t" region="region0" style="style0">현우 군이 담을 넘다가 다쳤고</p>
<p xml:id="subtitle674" begin="24272581666t" end="24288013750t" region="region0" style="style0">병원에 가게 되었고</p>
<p xml:id="subtitle675" begin="24288847916t" end="24326385416t" region="region0" style="style0">담임 선생님이 보호자가 올 때까지<br/>병원을 지켰어요</p>
<p xml:id="subtitle676" begin="24327219582t" end="24368927916t" region="region0" style="style0">당연히 현우 엄마인<br/>이서진 씨에게 전화를 걸었습니다</p>
<p xml:id="subtitle677" begin="24369762082t" end="24386445416t" region="region0" style="style0">무려 열 통의 전화</p>
<p xml:id="subtitle678" begin="24387279582t" end="24407299582t" region="region0" style="style0">단 한 번도 받지 않았습니다</p>
<p xml:id="subtitle679" begin="24417309582t" end="24430239166t" region="region0" style="style0">왜일까요?</p>
<p xml:id="subtitle680" begin="24436912500t" end="24456932500t" region="region0" style="style0">[무거운 음악]</p>
<p xml:id="subtitle681" begin="24468610832t" end="24480706250t" region="region0" style="style0">[동영상 촬영음]</p>
<p xml:id="subtitle682" begin="24516575416t" end="24529922082t" region="region0" style="style0">뭐 하는 거야?</p>
<p xml:id="subtitle683" begin="24535761250t" end="24566208332t" region="region0" style="style0">[남자] 당신 지금 장난 아니야<br/>진짜 이뻐</p>
<p xml:id="subtitle684" begin="24567042500t" end="24585811250t" region="region0" style="style0">- 내가 이따 보여 줄게<br/>- [한숨]</p>
<p xml:id="subtitle685" begin="24586645416t" end="24603745832t" region="region0" style="style0">찍지 마</p>
<p xml:id="subtitle686" begin="24604580000t" end="24635027082t" region="region0" style="style0">[남자] 씁, 계속 연기했어도<br/>좋았을 거 같은데</p>
<p xml:id="subtitle687" begin="24647539582t" end="24668393750t" region="region0" style="style0">정말이야, 찍지 마</p>
<p xml:id="subtitle688" begin="24674232916t" end="24693001666t" region="region0" style="style0">[남자] 알았어, 바로 지울게</p>
<p xml:id="subtitle689" begin="24703845832t" end="24734292916t" region="region0" style="style0">아, 근데 진짜 너무 이쁘다, 어?</p>
<p xml:id="subtitle690" begin="24741383332t" end="24755981250t" region="region0" style="style0">아, 안 되겠다</p>
<p xml:id="subtitle691" begin="24765991250t" end="24776418332t" region="region0" style="style0">일로 와</p>
<p xml:id="subtitle692" begin="24814372916t" end="24835227082t" region="region0" style="style0">- [남자의 힘주는 소리]<br/>- [촬영 종료음]</p>
<p xml:id="subtitle693" begin="24848156666t" end="24861503332t" region="region0" style="style0">누워 봐</p>
<p xml:id="subtitle694" begin="24897789582t" end="24916141250t" region="region0" style="style0">아, 진짜 왜 이렇게 이뻐?</p>
<p xml:id="subtitle695" begin="24916975416t" end="24931156250t" region="region0" style="style0">- [서진] 치<br/>- [남자의 웃음]</p>
<p xml:id="subtitle696" begin="24931990416t" end="24949090832t" region="region0" style="style0">[남자] 어떻게 이렇게 이뻐?</p>
<p xml:id="subtitle697" begin="24949925000t" end="24966191250t" region="region0" style="style0">[휴대전화 진동음]</p>
<p xml:id="subtitle698" begin="24974115832t" end="24987462500t" region="region0" style="style0">아이참</p>
<p xml:id="subtitle699" begin="25004562916t" end="25019577916t" region="region0" style="style0">- [서진] 줘<br/>- [남자] 아이</p>
<p xml:id="subtitle700" begin="25020412082t" end="25040015000t" region="region0" style="style0">분위기 깨지잖아, 나중에</p>
<p xml:id="subtitle701" begin="25040849166t" end="25050859166t" region="region0" style="style0">좀 있다 받아</p>
<p xml:id="subtitle702" begin="25051693332t" end="25075884166t" region="region0" style="style0">- [서진] 늘 자기 마음대로<br/>- [남자] 아이…</p>
<p xml:id="subtitle703" begin="25081723332t" end="25112170416t" region="region0" style="style0">내가 뭘 내 마음대로야? 치</p>
<p xml:id="subtitle704" begin="25113004582t" end="25126768332t" region="region0" style="style0">알았어</p>
<p xml:id="subtitle705" begin="25134692916t" end="25158466666t" region="region0" style="style0">이거 아까 찍은 것도 지울게, 자</p>
<p xml:id="subtitle706" begin="25174315832t" end="25189330832t" region="region0" style="style0">- [휴대전화 조작음]<br/>- 됐지?</p>
<p xml:id="subtitle707" begin="25197672500t" end="25233958750t" region="region0" style="style0">- [동영상 촬영음]<br/>- 핸드폰 바깥에 빼놓고</p>
<p xml:id="subtitle708" begin="25286094166t" end="25301109166t" region="region0" style="style0">참…</p>
<p xml:id="subtitle709" begin="25301943332t" end="25317792500t" region="region0" style="style0">[웃음]</p>
<p xml:id="subtitle710" begin="25318626666t" end="25339480832t" region="region0" style="style0">[남자] 혹시 이서진 씨 아니세요?</p>
<p xml:id="subtitle711" begin="25340315000t" end="25354495832t" region="region0" style="style0">[남자가 살짝 웃는다]</p>
<p xml:id="subtitle712" begin="25355330000t" end="25380355000t" region="region0" style="style0">제가 진짜진짜</p>
<p xml:id="subtitle713" begin="25390782082t" end="25405797082t" region="region0" style="style0">너무 팬이거든요</p>
<p xml:id="subtitle714" begin="25413304582t" end="25437078332t" region="region0" style="style0">[서진의 웃음]</p>
<p xml:id="subtitle715" begin="25443751666t" end="25472113332t" region="region0" style="style0">[변호사] 외롭다고<br/>다 외도를 하진 않죠?</p>
<p xml:id="subtitle716" begin="25472947500t" end="25502977500t" region="region0" style="style0">하지만 그럴 수도 있어요<br/>본인의 선택이죠</p>
<p xml:id="subtitle717" begin="25503811666t" end="25526751250t" region="region0" style="style0">하지만 저희 의뢰인은</p>
<p xml:id="subtitle718" begin="25527585416t" end="25557198332t" region="region0" style="style0">하나밖에 없는 어린 아들을</p>
<p xml:id="subtitle719" begin="25558032500t" end="25573047500t" region="region0" style="style0">엄마에게 보낼 순 없다는 거</p>
<p xml:id="subtitle720" begin="25578886666t" end="25593067500t" region="region0" style="style0">너무나 상식적인 거죠</p>
<p xml:id="subtitle721" begin="25598906666t" end="25633524582t" region="region0" style="style0">엄마가 유해한 동영상의<br/>주인공이 된 것을</p>
<p xml:id="subtitle722" begin="25634358750t" end="25655630000t" region="region0" style="style0">어떻게 감당하며 살 수 있을까요?</p>
<p xml:id="subtitle723" begin="25666057082t" end="25676484166t" region="region0" style="style0">[숨 들이켜는 소리]</p>
<p xml:id="subtitle724" begin="25677318332t" end="25705680000t" region="region0" style="style0">서면으로 충분히<br/>설명이 안 되셨나 보네요</p>
<p xml:id="subtitle725" begin="25706514166t" end="25722363332t" region="region0" style="style0">[성한] 아니<br/>모두 알고 있는 얘기를</p>
<p xml:id="subtitle726" begin="25723197500t" end="25749473750t" region="region0" style="style0">너무 길게 말씀하시는 거 같아서요<br/>위원장님</p>
<p xml:id="subtitle727" begin="25755312916t" end="25792850416t" region="region0" style="style0">네, 그래요, 뭐<br/>외롭다고 다 외도를 하진 않죠</p>
<p xml:id="subtitle728" begin="25793684582t" end="25822046250t" region="region0" style="style0">씁, 맞는 말씀입니다, 그런데</p>
<p xml:id="subtitle729" begin="25822880416t" end="25857915416t" region="region0" style="style0">이서진 씨가 외로워서<br/>외도를 했다고 생각하시는 건가요?</p>
<p xml:id="subtitle730" begin="25858749582t" end="25882106250t" region="region0" style="style0">아, 질문드린 건 아니고요</p>
<p xml:id="subtitle731" begin="25882940416t" end="25906297082t" region="region0" style="style0">외로워서 외도를 했다?</p>
<p xml:id="subtitle732" begin="25907131250t" end="25927568332t" region="region0" style="style0">위원장님, 저는 이 말씀은</p>
<p xml:id="subtitle733" begin="25928402500t" end="25950507916t" region="region0" style="style0">도저히 받아들일 수가 없어서요</p>
<p xml:id="subtitle734" begin="25951342082t" end="25967191250t" region="region0" style="style0">씁, 저희 의뢰인은</p>
<p xml:id="subtitle735" begin="25968025416t" end="26002226250t" region="region0" style="style0">십년지기 가장 친한 친구의<br/>결혼식에 초대받지 못했습니다</p>
<p xml:id="subtitle736" begin="26003060416t" end="26026417082t" region="region0" style="style0">[쓸쓸한 음악]</p>
<p xml:id="subtitle737" begin="26090230832t" end="26106497082t" region="region0" style="style0">[성한] 캐나다에 살고 있는<br/>먼 친구도</p>
<p xml:id="subtitle738" begin="26107331250t" end="26129436666t" region="region0" style="style0">초대를 받아서 참석을 했는데</p>
<p xml:id="subtitle739" begin="26130270832t" end="26160717916t" region="region0" style="style0">제일 가까이에 사는<br/>제일 가까운 지인인 이서진 씨만</p>
<p xml:id="subtitle740" begin="26161552082t" end="26176984166t" region="region0" style="style0">초대를 못 받았거든요</p>
<p xml:id="subtitle741" begin="26177818332t" end="26219526666t" region="region0" style="style0">더군다나 그 자리를 빛내 줄<br/>셀럽이었는데도 말이죠</p>
<p xml:id="subtitle742" begin="26220360832t" end="26234541666t" region="region0" style="style0">왜일까요?</p>
<p xml:id="subtitle743" begin="26235375832t" end="26262069166t" region="region0" style="style0">'이서진 씨는<br/>왜 초대를 받지 못했는가'</p>
<p xml:id="subtitle744" begin="26262903332t" end="26272913332t" region="region0" style="style0">그건</p>
<p xml:id="subtitle745" begin="26279586666t" end="26302109166t" region="region0" style="style0">이서진 씨의 친구분들도</p>
<p xml:id="subtitle746" begin="26302943332t" end="26326300000t" region="region0" style="style0">전부 다 지쳤기 때문입니다</p>
<p xml:id="subtitle747" begin="26327134166t" end="26348405416t" region="region0" style="style0">- 봐 봐, 어이<br/>- [성한] 어디에 있든</p>
<p xml:id="subtitle748" begin="26349239582t" end="26364254582t" region="region0" style="style0">누구와 함께 있든</p>
<p xml:id="subtitle749" begin="26365088750t" end="26392199166t" region="region0" style="style0">함께 있는 사람과의 인증 사진을</p>
<p xml:id="subtitle750" begin="26393033332t" end="26417224166t" region="region0" style="style0">30분마다 찍어 보내야 하는 상황</p>
<p xml:id="subtitle751" begin="26425565832t" end="26440580832t" region="region0" style="style0">이거 상식적인 건가요?</p>
<p xml:id="subtitle752" begin="26441415000t" end="26456012916t" region="region0" style="style0">이서진 씨는</p>
<p xml:id="subtitle753" begin="26456847082t" end="26491047916t" region="region0" style="style0">진행하던 프로그램 회식에<br/>단 한 번도 참석하지 않았습니다</p>
<p xml:id="subtitle754" begin="26491882082t" end="26516907082t" region="region0" style="style0">- [카메라 셔터 효과음]<br/>- 아니, 동사가 좀 부적합하죠</p>
<p xml:id="subtitle755" begin="26517741250t" end="26541097916t" region="region0" style="style0">참석하지 못했습니다, 왜냐</p>
<p xml:id="subtitle756" begin="26541932082t" end="26578635416t" region="region0" style="style0">라디오 관계자들까지<br/>인증 샷의 주인공이 돼야 하는</p>
<p xml:id="subtitle757" begin="26579469582t" end="26616172916t" region="region0" style="style0">아주 부담스러운 상황이<br/>발생되기 때문이죠</p>
<p xml:id="subtitle758" begin="26623263332t" end="26637027082t" region="region0" style="style0">그러한 일들로 인해서</p>
<p xml:id="subtitle759" begin="26637861250t" end="26665805832t" region="region0" style="style0">친구들, 그리고<br/>뭐, 지인들과의 관계에서</p>
<p xml:id="subtitle760" begin="26666640000t" end="26696670000t" region="region0" style="style0">완벽하게 지워진<br/>존재가 된 것이 과연</p>
<p xml:id="subtitle761" begin="26697504166t" end="26722112082t" region="region0" style="style0">강희섭 씨하고는<br/>무관한 일인 걸까요?</p>
<p xml:id="subtitle762" begin="26722946250t" end="26735041666t" region="region0" style="style0">[희섭] 아니, 그러면은</p>
<p xml:id="subtitle763" begin="26735875832t" end="26778001250t" region="region0" style="style0">바람기 철철 넘치는<br/>본인 행동거지는 무관합니까?</p>
<p xml:id="subtitle764" begin="26778835416t" end="26798021250t" region="region0" style="style0">- [변호사] 진정하시고요<br/>- [성한] 씁…</p>
<p xml:id="subtitle765" begin="26798855416t" end="26828468332t" region="region0" style="style0">제가 서면으로<br/>충분히 설명을 드렸는데</p>
<p xml:id="subtitle766" begin="26829302500t" end="26869342500t" region="region0" style="style0">뭐, 대리인인 제가 지어냈다<br/>못 믿겠다 하셔서 제가 조금</p>
<p xml:id="subtitle767" begin="26877267082t" end="26894784582t" region="region0" style="style0">가지고 와 봤습니다</p>
<p xml:id="subtitle768" begin="26924397500t" end="26955261666t" region="region0" style="style0">아, 이건 이서진 씨가<br/>남편으로부터 받은</p>
<p xml:id="subtitle769" begin="26965688749t" end="26985708749t" region="region0" style="style0">지난 3년간의 메모입니다</p>
<p xml:id="subtitle770" begin="26986542916t" end="27018658332t" region="region0" style="style0">주로 냉장고, 현관문<br/>욕실 거울, 화장대 등등</p>
<p xml:id="subtitle771" begin="27019492499t" end="27037427082t" region="region0" style="style0">여기저기에 붙어 있었고요</p>
<p xml:id="subtitle772" begin="27038261249t" end="27055778749t" region="region0" style="style0">내용을 잠시 보자면</p>
<p xml:id="subtitle773" begin="27069542499t" end="27087477082t" region="region0" style="style0">[희섭] 초대 손님<br/>어린놈만 나오면 그냥</p>
<p xml:id="subtitle774" begin="27088311249t" end="27113336249t" region="region0" style="style0">- 환장을 하는구나, 응?<br/>- [어두운 음악]</p>
<p xml:id="subtitle775" begin="27114170416t" end="27130436666t" region="region0" style="style0">다시 듣기 너도 들어 봐</p>
<p xml:id="subtitle776" begin="27131270832t" end="27154210416t" region="region0" style="style0">들떠 가지고 지껄이는 게<br/>얼마나 천박한지</p>
<p xml:id="subtitle777" begin="27223446249t" end="27250556666t" region="region0" style="style0">이딴 속옷은<br/>니가 번 돈으로 산 거지?</p>
<p xml:id="subtitle778" begin="27251390832t" end="27271410832t" region="region0" style="style0">너 어디 알바하니?</p>
<p xml:id="subtitle779" begin="27277249999t" end="27289762499t" region="region0" style="style0">[한숨]</p>
<p xml:id="subtitle780" begin="27290596666t" end="27317707082t" region="region0" style="style0">[성한] 이게<br/>모아 둔 건 3년 치지만</p>
<p xml:id="subtitle781" begin="27318541249t" end="27348988332t" region="region0" style="style0">이런 모멸감 가득한 메모는<br/>7년도 넘게</p>
<p xml:id="subtitle782" begin="27349822499t" end="27371093749t" region="region0" style="style0">집 안 곳곳에 붙어 있었습니다</p>
<p xml:id="subtitle783" begin="27371927916t" end="27394867499t" region="region0" style="style0">더 숨이 막히는 건 말이죠</p>
<p xml:id="subtitle784" begin="27395701666t" end="27434073332t" region="region0" style="style0">정말 집 안 곳곳에 설치된<br/>CCTV가 문제인데요</p>
<p xml:id="subtitle785" begin="27434907499t" end="27449922499t" region="region0" style="style0">- 40평대 아파트에<br/>- [카메라 셔터음]</p>
<p xml:id="subtitle786" begin="27450756666t" end="27483289166t" region="region0" style="style0">총 여섯 대의 CCTV가<br/>설치되었다고 합니다</p>
<p xml:id="subtitle787" begin="27484123332t" end="27512067916t" region="region0" style="style0">심지어 옷을 갈아입는<br/>드레스 룸에조차 말이죠</p>
<p xml:id="subtitle788" begin="27512902082t" end="27524997499t" region="region0" style="style0">이거 정상인가요?</p>
<p xml:id="subtitle789" begin="27533756249t" end="27546268749t" region="region0" style="style0">[스위치 조작음]</p>
<p xml:id="subtitle790" begin="27756478749t" end="27772744999t" region="region0" style="style0">[성한] 그래서 저는</p>
<p xml:id="subtitle791" begin="27778584166t" end="27809448332t" region="region0" style="style0">'외도만 유책일까' 하는<br/>의문이 듭니다</p>
<p xml:id="subtitle792" begin="27810282499t" end="27836141666t" region="region0" style="style0">아내에게, 먼저는 사람에게</p>
<p xml:id="subtitle793" begin="27836975832t" end="27879518332t" region="region0" style="style0">이런 비인간적인 멸시와 모독<br/>강압적 규제</p>
<p xml:id="subtitle794" begin="27880352499t" end="27890779582t" region="region0" style="style0">이건 유책 아닌가요?</p>
<p xml:id="subtitle795" begin="27891613749t" end="27905377499t" region="region0" style="style0">[변호사] 네</p>
<p xml:id="subtitle796" begin="27906211666t" end="27950422499t" region="region0" style="style0">저도 여자라 이서진 씨의 고충을<br/>이해하지 못하는 건 아닙니다</p>
<p xml:id="subtitle797" begin="27951256666t" end="27962517916t" region="region0" style="style0">하지만</p>
<p xml:id="subtitle798" begin="27963352082t" end="27992964999t" region="region0" style="style0">충격적인 동영상의<br/>여주인공이 된 건</p>
<p xml:id="subtitle799" begin="27993799166t" end="28016321666t" region="region0" style="style0">아이의 양육에<br/>전혀 도움이 되지 않습니다</p>
<p xml:id="subtitle800" begin="28017155832t" end="28044266249t" region="region0" style="style0">조금 있으면<br/>사춘기가 시작되는 아들은 더더욱</p>
<p xml:id="subtitle801" begin="28045100416t" end="28060115416t" region="region0" style="style0">아니, 그러면은</p>
<p xml:id="subtitle802" begin="28060949582t" end="28082220832t" region="region0" style="style0">이서진 씨에게 향한 집착과 폭력이</p>
<p xml:id="subtitle803" begin="28083054999t" end="28105994582t" region="region0" style="style0">아들에겐 자유로울 거라고<br/>생각하시는 건 아니시죠?</p>
<p xml:id="subtitle804" begin="28106828749t" end="28118507082t" region="region0" style="style0">지나친 추측입니다</p>
<p xml:id="subtitle805" begin="28124346249t" end="28148954166t" region="region0" style="style0">[변호사] 현우 군이 자라면서<br/>그 동영상을 보게 된다면</p>
<p xml:id="subtitle806" begin="28149788332t" end="28182737916t" region="region0" style="style0">얼마나 끔찍한 일이 벌어질지<br/>생각은 해 보셨나요?</p>
<p xml:id="subtitle807" begin="28183572082t" end="28213602082t" region="region0" style="style0">위원장님<br/>동영상은 모두 정리가 됐고요</p>
<p xml:id="subtitle808" begin="28214436249t" end="28234873332t" region="region0" style="style0">가해자 정지훈은<br/>지금 수감 상태고요</p>
<p xml:id="subtitle809" begin="28235707499t" end="28261566666t" region="region0" style="style0">동영상 처리 비용까지<br/>지불이 완료됐습니다</p>
<p xml:id="subtitle810" begin="28262400832t" end="28287008749t" region="region0" style="style0">과연 그럴까요?</p>
<p xml:id="subtitle811" begin="28304526249t" end="28346234582t" region="region0" style="style0">[변호사] 저희 의뢰인에겐<br/>아들의 올바른 양육이 절실합니다</p>
<p xml:id="subtitle812" begin="28347068749t" end="28382103749t" region="region0" style="style0">해서 혹시나 동영상이<br/>떠돌아다니는지 확인하는 건</p>
<p xml:id="subtitle813" begin="28382937916t" end="28409214166t" region="region0" style="style0">너무나 당연한 것이니<br/>이해해 주시기 바랍니다</p>
<p xml:id="subtitle814" begin="28419641249t" end="28443832082t" region="region0" style="style0">어젯밤 저희 의뢰인은</p>
<p xml:id="subtitle815" begin="28449671249t" end="28485957499t" region="region0" style="style0">이서진 씨의 동영상이 아직도<br/>유포되어 있음을 확인했습니다</p>
<p xml:id="subtitle816" begin="28486791666t" end="28500555416t" region="region0" style="style0">[무거운 음악]</p>
<p xml:id="subtitle817" begin="28501389582t" end="28532253749t" region="region0" style="style0">필요하시면 의뢰인의 핸드폰으로<br/>확인해 드리고요</p>
<p xml:id="subtitle818" begin="28539344166t" end="28573127916t" region="region0" style="style0">현우 군이<br/>조금만 더 자라면 충분히</p>
<p xml:id="subtitle819" begin="28573962082t" end="28598987082t" region="region0" style="style0">이 영상을 찾게 될 수도 있습니다</p>
<p xml:id="subtitle820" begin="28607745832t" end="28639861249t" region="region0" style="style0">이런 엄마와 분리시켜도<br/>충격이 가시지 않을 텐데</p>
<p xml:id="subtitle821" begin="28640695416t" end="28655293332t" region="region0" style="style0">함께 산다니요?</p>
<p xml:id="subtitle822" begin="28656127499t" end="28683654999t" region="region0" style="style0">아까 비인간적이라고<br/>말씀하셨나요?</p>
<p xml:id="subtitle823" begin="28684489166t" end="28710765416t" region="region0" style="style0">이런 엄마와<br/>함께 살아야 하는 것은</p>
<p xml:id="subtitle824" begin="28711599582t" end="28721192499t" region="region0" style="style0">인간적인가요?</p>
<p xml:id="subtitle825" begin="28722026666t" end="28737041666t" region="region0" style="style0">[성한] 저, 위원장님</p>
<p xml:id="subtitle826" begin="28753724999t" end="28770825416t" region="region0" style="style0">지금 이 상황은</p>
<p xml:id="subtitle827" begin="28791679582t" end="28811282499t" region="region0" style="style0">이서진 씨를 향한</p>
<p xml:id="subtitle828" begin="28819207082t" end="28844649166t" region="region0" style="style0">명백한 2차 가해입니다</p>
<p xml:id="subtitle829" begin="28864252082t" end="28881769582t" region="region0" style="style0">[청소기 작동음]</p>
<p xml:id="subtitle830" begin="28952256666t" end="28977698749t" region="region0" style="style0">[성한] 자, 성관계 동영상이<br/>유포되면서</p>
<p xml:id="subtitle831" begin="28978532916t" end="29008562916t" region="region0" style="style0">이서진 씨는 이미<br/>1차 가해를 받았습니다</p>
<p xml:id="subtitle832" begin="29009397082t" end="29044432082t" region="region0" style="style0">4년 동안 다닌 직장에서<br/>하차된 것뿐만 아니라</p>
<p xml:id="subtitle833" begin="29045266249t" end="29080718332t" region="region0" style="style0">우리가 상상하지 못할 만큼<br/>일상 자체가 무너져 버렸습니다</p>
<p xml:id="subtitle834" begin="29081552499t" end="29106160416t" region="region0" style="style0">아니, 불륜녀이기 때문에<br/>동영상이 유출되는 거</p>
<p xml:id="subtitle835" begin="29106994582t" end="29120341249t" region="region0" style="style0">그거 아무것도 아닌 겁니까?</p>
<p xml:id="subtitle836" begin="29121175416t" end="29154124999t" region="region0" style="style0">이서진 씨는 지금<br/>엄청난 피해자입니다</p>
<p xml:id="subtitle837" begin="29154959166t" end="29179149999t" region="region0" style="style0">그런 그녀가 자신의 아들을</p>
<p xml:id="subtitle838" begin="29179984166t" end="29202506666t" region="region0" style="style0">자신과 똑같은 상황에<br/>두고 나올 수가 없어서</p>
<p xml:id="subtitle839" begin="29203340832t" end="29214602082t" region="region0" style="style0">양육권을 요구하는 것이</p>
<p xml:id="subtitle840" begin="29215436249t" end="29235456249t" region="region0" style="style0">이게 왜 차별받아야 하는 겁니까?</p>
<p xml:id="subtitle841" begin="29236290416t" end="29257561666t" region="region0" style="style0">지금까지 판례 중에 외도 당사자가</p>
<p xml:id="subtitle842" begin="29258395832t" end="29283003749t" region="region0" style="style0">양육권 가지고 간 케이스는<br/>상당히 많죠</p>
<p xml:id="subtitle843" begin="29283837916t" end="29313450832t" region="region0" style="style0">그런데 왜 이서진 씨는<br/>외도했다는 이유로</p>
<p xml:id="subtitle844" begin="29314284999t" end="29331802499t" region="region0" style="style0">양육권을 가져갈 수가<br/>없는 겁니까?</p>
<p xml:id="subtitle845" begin="29332636666t" end="29345149166t" region="region0" style="style0">동영상이 아직도 유포…</p>
<p xml:id="subtitle846" begin="29345983332t" end="29359747082t" region="region0" style="style0">[성한] 예! 그 동영상이요</p>
<p xml:id="subtitle847" begin="29360581249t" end="29388525832t" region="region0" style="style0">그 성관계 동영상이<br/>유포됐기 때문에!</p>
<p xml:id="subtitle848" begin="29389359999t" end="29404374999t" region="region0" style="style0">[어두운 음악]</p>
<p xml:id="subtitle849" begin="29405209166t" end="29432319582t" region="region0" style="style0">아이를 양육할 수 없다고<br/>주장하시는 건</p>
<p xml:id="subtitle850" begin="29438575832t" end="29484872082t" region="region0" style="style0">그게 이서진 씨를 향한<br/>명백한 2차 가해라고요</p>
<p xml:id="subtitle851" begin="29496133332t" end="29508645832t" region="region0" style="style0">이해하셨어요?</p>
<p xml:id="subtitle852" begin="29554524999t" end="29568288749t" region="region0" style="style0">위원장님</p>
<p xml:id="subtitle853" begin="29613750832t" end="29643363749t" region="region0" style="style0">오늘은 여기까지 진행하겠습니다</p>
<p xml:id="subtitle854" begin="29644197916t" end="29656710416t" region="region0" style="style0">[조정 위원] 다음 조정 때</p>
<p xml:id="subtitle855" begin="29657544582t" end="29703423749t" region="region0" style="style0">강현우 군의 심리 치료 결과도<br/>함께 검토하겠습니다</p>
<p xml:id="subtitle856" begin="29723443749t" end="29736790416t" region="region0" style="style0">[희섭] 씨…</p>
<p xml:id="subtitle857" begin="29761815416t" end="29775579166t" region="region0" style="style0">[문 열리는 소리]</p>
<p xml:id="subtitle858" begin="29800187082t" end="29813950832t" region="region0" style="style0">[문 닫히는 소리]</p>
<p xml:id="subtitle859" begin="29930734166t" end="29966603332t" region="region0" style="style0">[성한] 저, 현우를 좀<br/>만나 보고 싶은데요, 괜찮을까요?</p>
<p xml:id="subtitle860" begin="29967437499t" end="29990377082t" region="region0" style="style0">아니면 같이 계셔도 되고요</p>
<p xml:id="subtitle861" begin="30002889582t" end="30025412082t" region="region0" style="style0">저 있으면 말 안 할 거예요</p>
<p xml:id="subtitle862" begin="30033336666t" end="30047517499t" region="region0" style="style0">얘기해 볼게요</p>
<p xml:id="subtitle863" begin="30258144582t" end="30271491249t" region="region0" style="style0">[한숨]</p>
<p xml:id="subtitle864" begin="30295264999t" end="30316953332t" region="region0" style="style0">[툭툭 두드리는 소리]</p>
<p xml:id="subtitle865" begin="30317787499t" end="30339475832t" region="region0" style="style0">[성한의 고민하는 소리]</p>
<p xml:id="subtitle866" begin="30394947916t" end="30410379999t" region="region0" style="style0">[휴대전화 조작음]</p>
<p xml:id="subtitle867" begin="30435404999t" end="30452088332t" region="region0" style="style0">[통화 연결음]</p>
<p xml:id="subtitle868" begin="30486706249t" end="30502972499t" region="region0" style="style0">어, 형근아, 난데</p>
<p xml:id="subtitle869" begin="30503806666t" end="30513399582t" region="region0" style="style0">[형근] 어, 왜?</p>
<p xml:id="subtitle870" begin="30514233749t" end="30539675832t" region="region0" style="style0">그, 너 내일 좀<br/>경찰서에 좀 가야 될 거 같다</p>
<p xml:id="subtitle871" begin="30540509999t" end="30555107916t" region="region0" style="style0">[형근] 경찰서? 왜, 왜, 왜, 왜?</p>
<p xml:id="subtitle872" begin="30555942082t" end="30590559999t" region="region0" style="style0">아니, 이서진 씨 동영상이<br/>아직 돌아다니는 거 같다는데</p>
<p xml:id="subtitle873" begin="30591394166t" end="30607660416t" region="region0" style="style0">- [형근] 뭐?<br/>- 그거 직접 가서 좀</p>
<p xml:id="subtitle874" begin="30608494582t" end="30623509582t" region="region0" style="style0">디테일하게<br/>확인 좀 해야 될 거 같아</p>
<p xml:id="subtitle875" begin="30624343749t" end="30638524582t" region="region0" style="style0">[형근] 이런, 씨, 알았어, 내…</p>
<p xml:id="subtitle876" begin="30639358749t" end="30652288332t" region="region0" style="style0">잠깐만, 잠깐만</p>
<p xml:id="subtitle877" begin="30653122499t" end="30681901249t" region="region0" style="style0">너 진짜 팬심으로<br/>진짜 최선을 다해야 된다</p>
<p xml:id="subtitle878" begin="30682735416t" end="30694830832t" region="region0" style="style0">[형근] 영혼을 건다, 내가</p>
<p xml:id="subtitle879" begin="30695664999t" end="30716519166t" region="region0" style="style0">- 오케이<br/>- [형근] 오케이</p>
<p xml:id="subtitle880" begin="30717353332t" end="30729448749t" region="region0" style="style0">[통화 종료음]</p>
<p xml:id="subtitle881" begin="30744463749t" end="30765734999t" region="region0" style="style0">- [씁 들이켜는 소리]<br/>- [차분한 음악]</p>
<p xml:id="subtitle882" begin="30779498749t" end="30795347916t" region="region0" style="style0">[깊은 한숨]</p>
<p xml:id="subtitle883" begin="30806609166t" end="30828297499t" region="region0" style="style0">[사각거리는 소리]</p>
<p xml:id="subtitle884" begin="31024326666t" end="31039758749t" region="region0" style="style0">[치료사] 이건 누구야?</p>
<p xml:id="subtitle885" begin="31040592916t" end="31050185832t" region="region0" style="style0">[현우] 아빠</p>
<p xml:id="subtitle886" begin="31061864166t" end="31076462082t" region="region0" style="style0">[치료사] 이건 현우구나</p>
<p xml:id="subtitle887" begin="31077296249t" end="31086889166t" region="region0" style="style0">네</p>
<p xml:id="subtitle888" begin="31098984582t" end="31108160416t" region="region0" style="style0">그럼</p>
<p xml:id="subtitle889" begin="31114833749t" end="31137773332t" region="region0" style="style0">[치료사] 이 선글라스 쓴<br/>물고기는?</p>
<p xml:id="subtitle890" begin="31138607499t" end="31151537082t" region="region0" style="style0">[현우] 엄마</p>
<p xml:id="subtitle891" begin="31152371249t" end="31174059582t" region="region0" style="style0">엄마는 놀아요</p>
<p xml:id="subtitle892" begin="31174893749t" end="31194079582t" region="region0" style="style0">혼자서 잘 놀아요</p>
<p xml:id="subtitle893" begin="31335470832t" end="31349234582t" region="region0" style="style0">[희섭] 뭐 나왔어?</p>
<p xml:id="subtitle894" begin="31357576249t" end="31373425416t" region="region0" style="style0">[현우] 어항이요</p>
<p xml:id="subtitle895" begin="31374259582t" end="31388440416t" region="region0" style="style0">[희섭] 잘 그렸어?</p>
<p xml:id="subtitle896" begin="31402621249t" end="31420138749t" region="region0" style="style0">공부한 대로 그렸냐고</p>
<p xml:id="subtitle897" begin="31431399999t" end="31443495416t" region="region0" style="style0">[현우] 네</p>
<p xml:id="subtitle898" begin="31453922499t" end="31486037916t" region="region0" style="style0">니네 엄마는 뭘 잘했다고<br/>이렇게까지 요란하게 만들어?</p>
<p xml:id="subtitle899" begin="31495630832t" end="31510645832t" region="region0" style="style0">미친, 씨</p>
<p xml:id="subtitle900" begin="31583635416t" end="31601152916t" region="region0" style="style0">- [노크 소리]<br/>- [성한] 예</p>
<p xml:id="subtitle901" begin="31607826249t" end="31628263332t" region="region0" style="style0">- 어<br/>- [형근의 한숨]</p>
<p xml:id="subtitle902" begin="31629097499t" end="31656207916t" region="region0" style="style0">[형근] 아, 제가<br/>경찰서에 다녀왔습니다</p>
<p xml:id="subtitle903" begin="31657042082t" end="31671639999t" region="region0" style="style0">팬심으로 최선을 다했고요</p>
<p xml:id="subtitle904" begin="31672474166t" end="31691659999t" region="region0" style="style0">잘했어요, 그래, 뭐래요?</p>
<p xml:id="subtitle905" begin="31692494166t" end="31711262916t" region="region0" style="style0">음, 이게 초반에 걸린 거라</p>
<p xml:id="subtitle906" begin="31712097082t" end="31750885832t" region="region0" style="style0">다른 케이스에 비해서<br/>뭐, 빨리 정리가 됐다고 하더라고</p>
<p xml:id="subtitle907" begin="31751719999t" end="31765483749t" region="region0" style="style0">[형근] 다시<br/>확인해 보겠다고 하는데</p>
<p xml:id="subtitle908" begin="31766317916t" end="31802604166t" region="region0" style="style0">정지훈 집 압수 수색을 해서<br/>하드며 클라우드며</p>
<p xml:id="subtitle909" begin="31803438332t" end="31811779999t" region="region0" style="style0">싹 다 지웠다고 하거든?</p>
<p xml:id="subtitle910" begin="31812614166t" end="31835136666t" region="region0" style="style0">아니, 그럼<br/>어디서 찾은 거야, 대체?</p>
<p xml:id="subtitle911" begin="31835970832t" end="31856824999t" region="region0" style="style0">- 또 있어?<br/>- [성한] 아, 그렇다네요</p>
<p xml:id="subtitle912" begin="31874342499t" end="31884769582t" region="region0" style="style0">어, 어디 가요?</p>
<p xml:id="subtitle913" begin="31885603749t" end="31903121249t" region="region0" style="style0">내가 확실하게 알아 올게</p>
<p xml:id="subtitle914" begin="31903955416t" end="31914382499t" region="region0" style="style0">밥은?</p>
<p xml:id="subtitle915" begin="31915216666t" end="31930231666t" region="region0" style="style0">밥이 중요합니까, 지금?</p>
<p xml:id="subtitle916" begin="31931065832t" end="31957759166t" region="region0" style="style0">[성한] 아주 좋은 자세야<br/>진짜 찐 팬이야</p>
<p xml:id="subtitle917" begin="31958593332t" end="31989040416t" region="region0" style="style0">- 씁, 아, 뭘까?<br/>- [문소리]</p>
<p xml:id="subtitle918" begin="32001135832t" end="32014899582t" region="region0" style="style0">뭘까?</p>
<p xml:id="subtitle919" begin="32033668332t" end="32052437082t" region="region0" style="style0">씁, 뻥카 아니야?</p>
<p xml:id="subtitle920" begin="32062447082t" end="32080381666t" region="region0" style="style0">[북적거리는 소리]</p>
<p xml:id="subtitle921" begin="32103738332t" end="32147114999t" region="region0" style="style0">[형근] 내가 며칠 봤는데<br/>애가 어둡지는 않아</p>
<p xml:id="subtitle922" begin="32147949166t" end="32165049582t" region="region0" style="style0">집에서 맨날 그러고 싸우고 그러면</p>
<p xml:id="subtitle923" begin="32165883749t" end="32185069582t" region="region0" style="style0">애들이 기가 죽어 있거나<br/>그러잖아?</p>
<p xml:id="subtitle924" begin="32185903749t" end="32212179999t" region="region0" style="style0">근데 전혀 어두운 기색이 없더라고</p>
<p xml:id="subtitle925" begin="32213014166t" end="32228863332t" region="region0" style="style0">- 어, 저기 온다<br/>- [성한] 어디?</p>
<p xml:id="subtitle926" begin="32229697499t" end="32243878332t" region="region0" style="style0">[형근] 저, 지금 오는 애<br/>파란 가방</p>
<p xml:id="subtitle927" begin="32244712499t" end="32263481249t" region="region0" style="style0">- [아이] 안녕, 내일 봐<br/>- [현우] 안녕, 내일 봐</p>
<p xml:id="subtitle928" begin="32273908332t" end="32288923332t" region="region0" style="style0">[성한] 저, 현우야</p>
<p xml:id="subtitle929" begin="32298516249t" end="32309360416t" region="region0" style="style0">현우?</p>
<p xml:id="subtitle930" begin="32474942499t" end="32493711249t" region="region0" style="style0">- [경쾌한 음악이 흐른다]<br/>- [성한] 부담스럽지?</p>
<p xml:id="subtitle931" begin="32494545416t" end="32504972499t" region="region0" style="style0">처음 만났는데 이렇게</p>
<p xml:id="subtitle932" begin="32505806666t" end="32529163332t" region="region0" style="style0">안 좋은 일로 만나게 돼서<br/>좀 그렇다</p>
<p xml:id="subtitle933" begin="32547097916t" end="32574208332t" region="region0" style="style0">왜 왔냐면은, 그…</p>
<p xml:id="subtitle934" begin="32582132916t" end="32595062499t" region="region0" style="style0">아, 사무장님</p>
<p xml:id="subtitle935" begin="32595896666t" end="32628846249t" region="region0" style="style0">사무장님은<br/>저쪽에서 드셨으면 좋겠는데요</p>
<p xml:id="subtitle936" begin="32642192916t" end="32672639999t" region="region0" style="style0">제 햄버거가<br/>여, 여, 여기 있는데…</p>
<p xml:id="subtitle937" begin="32680981666t" end="32695996666t" region="region0" style="style0">- 그래요? 그러면은 뭐<br/>- [형근] 예</p>
<p xml:id="subtitle938" begin="32704338332t" end="32720604582t" region="region0" style="style0">[성한] 햄버거 이렇게 하고</p>
<p xml:id="subtitle939" begin="32721438749t" end="32744795416t" region="region0" style="style0">그리고 뭐, 감자튀김, 뭐</p>
<p xml:id="subtitle940" begin="32760644582t" end="32793177082t" region="region0" style="style0">가서 드시면 되지 않아요?<br/>그렇죠? 됐죠?</p>
<p xml:id="subtitle941" begin="32856573749t" end="32877844999t" region="region0" style="style0">아, 아니, 아니</p>
<p xml:id="subtitle942" begin="32878679166t" end="32904121249t" region="region0" style="style0">그, 사무장님은<br/>창가 자리 좋아하는 걸로 했잖아…</p>
<p xml:id="subtitle943" begin="32904955416t" end="32921638749t" region="region0" style="style0">아니, 창가 자리 좋아하시잖아요</p>
<p xml:id="subtitle944" begin="32922472916t" end="32962929999t" region="region0" style="style0">[형근] 아, 그렇죠<br/>내가 창가 자리를 좋아했었죠, 예</p>
<p xml:id="subtitle945" begin="32963764166t" end="32977527916t" region="region0" style="style0">[형근의 어색한 웃음]</p>
<p xml:id="subtitle946" begin="32978362082t" end="32993794166t" region="region0" style="style0">[성한] 천천히 드세요</p>
<p xml:id="subtitle947" begin="32994628332t" end="33013814166t" region="region0" style="style0">위도 안 좋으신데, 예</p>
<p xml:id="subtitle948" begin="33050934582t" end="33064281249t" region="region0" style="style0">음…</p>
<p xml:id="subtitle949" begin="33075542499t" end="33108909166t" region="region0" style="style0">이거, 소고기버거 좋아하니?</p>
<p xml:id="subtitle950" begin="33114748332t" end="33124758332t" region="region0" style="style0">이거 바꿔 먹을까?</p>
<p xml:id="subtitle951" begin="33132265832t" end="33144778332t" region="region0" style="style0">다 잘 먹어요</p>
<p xml:id="subtitle952" begin="33145612499t" end="33178979166t" region="region0" style="style0">그래? 그래, 자, 먹자</p>
<p xml:id="subtitle953" begin="33207340832t" end="33218602082t" region="region0" style="style0">먹어</p>
<p xml:id="subtitle954" begin="33276576666t" end="33289923332t" region="region0" style="style0">[성한] 응</p>
<p xml:id="subtitle955" begin="33344561249t" end="33377510832t" region="region0" style="style0">어떻게, 심리 상담은<br/>잘 받고 있어?</p>
<p xml:id="subtitle956" begin="33404204166t" end="33417550832t" region="region0" style="style0">[현우] 네</p>
<p xml:id="subtitle957" begin="33442992916t" end="33465932499t" region="region0" style="style0">엄마 아빠 일인데</p>
<p xml:id="subtitle958" begin="33466766666t" end="33479696249t" region="region0" style="style0">현우가 고생하는구나</p>
<p xml:id="subtitle959" begin="33492625832t" end="33511394582t" region="region0" style="style0">빨리 끝났으면 좋겠어요</p>
<p xml:id="subtitle960" begin="33512228749t" end="33540173332t" region="region0" style="style0">응, 나도 그래</p>
<p xml:id="subtitle961" begin="33541007499t" end="33554771249t" region="region0" style="style0">엄마도 그렇고</p>
<p xml:id="subtitle962" begin="33622338749t" end="33636102499t" region="region0" style="style0">나 누구랑 살아요?</p>
<p xml:id="subtitle963" begin="33662795832t" end="33680730416t" region="region0" style="style0">누구랑 살고 싶은데?</p>
<p xml:id="subtitle964" begin="33700333332t" end="33725775416t" region="region0" style="style0">[성한] 응, 말 안 해도 돼, 응</p>
<p xml:id="subtitle965" begin="33726609582t" end="33760810416t" region="region0" style="style0">묵비권 이런 거 들어 봤지? 묵비권</p>
<p xml:id="subtitle966" begin="33761644582t" end="33801684582t" region="region0" style="style0">말하고 싶지 않을 때는<br/>말 안 해도 되는 거야, 법적으로</p>
<p xml:id="subtitle967" begin="33828794999t" end="33841307499t" region="region0" style="style0">먹어</p>
<p xml:id="subtitle968" begin="33948914999t" end="33971854582t" region="region0" style="style0">우리 꼭 무슨</p>
<p xml:id="subtitle969" begin="33979362082t" end="33995211249t" region="region0" style="style0">먹방 찍는 거 같지 않니?</p>
<p xml:id="subtitle970" begin="34011894582t" end="34035251249t" region="region0" style="style0">먹방 좋아해? 그런 거 봐?</p>
<p xml:id="subtitle971" begin="34041924582t" end="34050683332t" region="region0" style="style0">게임 좋아해요</p>
<p xml:id="subtitle972" begin="34051517499t" end="34065698332t" region="region0" style="style0">게임?</p>
<p xml:id="subtitle973" begin="34074874166t" end="34094894166t" region="region0" style="style0">아, 난 게임은 싫은데</p>
<p xml:id="subtitle974" begin="34095728332t" end="34110743332t" region="region0" style="style0">[성한] 내가 하는 일이<br/>맨날 이겨야 되는 건데</p>
<p xml:id="subtitle975" begin="34111577499t" end="34132848749t" region="region0" style="style0">게임도 이겨야 되잖아</p>
<p xml:id="subtitle976" begin="34133682916t" end="34148280832t" region="region0" style="style0">음, 스트레스받을 거 같아</p>
<p xml:id="subtitle977" begin="34158707916t" end="34179144999t" region="region0" style="style0">스트레스 풀릴 때도 있어요</p>
<p xml:id="subtitle978" begin="34196245416t" end="34209592082t" region="region0" style="style0">게임</p>
<p xml:id="subtitle979" begin="34251300416t" end="34273405832t" region="region0" style="style0">너도 스트레스가 많구나</p>
<p xml:id="subtitle980" begin="34295928332t" end="34322204582t" region="region0" style="style0">어떤 게 제일 힘들어? 요즘에</p>
<p xml:id="subtitle981" begin="34388103749t" end="34408957916t" region="region0" style="style0">바, 바로 묵비권이냐?</p>
<p xml:id="subtitle982" begin="34409792082t" end="34423972916t" region="region0" style="style0">[피식 웃는다]</p>
<p xml:id="subtitle983" begin="34489455000t" end="34522404582t" region="region0" style="style0">기억력이 나빠졌으면 좋겠어요</p>
<p xml:id="subtitle984" begin="34604152916t" end="34638770832t" region="region0" style="style0">어떤 걸 기억하고 싶지 않은데?</p>
<p xml:id="subtitle985" begin="34652534582t" end="34683398750t" region="region0" style="style0">그냥, 내가 본 거</p>
<p xml:id="subtitle986" begin="34698413750t" end="34713428750t" region="region0" style="style0">그런 거</p>
<p xml:id="subtitle987" begin="34732614582t" end="34745127082t" region="region0" style="style0">[성한] 음</p>
<p xml:id="subtitle988" begin="34765147082t" end="34808523750t" region="region0" style="style0">엄마 아빠가 심각하게 싸우시고<br/>막 그러는 거?</p>
<p xml:id="subtitle989" begin="34822287500t" end="34843141666t" region="region0" style="style0">[애잔한 음악]</p>
<p xml:id="subtitle990" begin="34919467916t" end="34937819582t" region="region0" style="style0">[현우의 떨리는 숨소리]</p>
<p xml:id="subtitle991" begin="35022904582t" end="35035834166t" region="region0" style="style0">[목멘 소리로] 갈래요</p>
<p xml:id="subtitle992" begin="35052934582t" end="35082130416t" region="region0" style="style0">그래, 그래, 가자, 어디로 가니?</p>
<p xml:id="subtitle993" begin="35088803750t" end="35097979582t" region="region0" style="style0">학원</p>
<p xml:id="subtitle994" begin="35108406666t" end="35120085000t" region="region0" style="style0">데려다줄까?</p>
<p xml:id="subtitle995" begin="35120919166t" end="35146778332t" region="region0" style="style0">아니요, 혼자 잘 가요</p>
<p xml:id="subtitle996" begin="35154702916t" end="35168466666t" region="region0" style="style0">[옅은 한숨]</p>
<p xml:id="subtitle997" begin="35262310416t" end="35277325416t" region="region0" style="style0">[성한] 저기, 현우야</p>
<p xml:id="subtitle998" begin="35312777500t" end="35339887916t" region="region0" style="style0">내가 아는 초3 중에</p>
<p xml:id="subtitle999" begin="35360325000t" end="35383681666t" region="region0" style="style0">너가 제일 단단하다</p>
<p xml:id="subtitle1000" begin="35451666250t" end="35471269166t" region="region0" style="style0">엄마가 미워요</p>
<p xml:id="subtitle1001" begin="35480027916t" end="35505052916t" region="region0" style="style0">[현우] 선생님 전화를 안 받았어요</p>
<p xml:id="subtitle1002" begin="35525072916t" end="35538836666t" region="region0" style="style0">수신 거절 했어요</p>
<p xml:id="subtitle1003" begin="35574288750t" end="35600982082t" region="region0" style="style0">병원에서 오래 기다렸는데</p>
<p xml:id="subtitle1004" begin="35619750832t" end="35633931666t" region="region0" style="style0">아빠가 왔어요</p>
<p xml:id="subtitle1005" begin="35680227916t" end="35702333332t" region="region0" style="style0">엄마가 오길 기다렸구나</p>
<p xml:id="subtitle1006" begin="35708589582t" end="35733614582t" region="region0" style="style0">엄마가 내 머릿속에서</p>
<p xml:id="subtitle1007" begin="35750297916t" end="35775322916t" region="region0" style="style0">지워졌으면 좋겠어요</p>
<p xml:id="subtitle1008" begin="36040170832t" end="36055602916t" region="region0" style="style0">[형근] 표정이 왜 그래?</p>
<p xml:id="subtitle1009" begin="36065612916t" end="36081045000t" region="region0" style="style0">아빠랑 살고 싶대?</p>
<p xml:id="subtitle1010" begin="36087718332t" end="36108989582t" region="region0" style="style0">[성한] 아, 모르겠다</p>
<p xml:id="subtitle1011" begin="36129009582t" end="36154868750t" region="region0" style="style0">복잡하고 답답하고</p>
<p xml:id="subtitle1012" begin="36186984166t" end="36202416250t" region="region0" style="style0">짠하고</p>
<p xml:id="subtitle1013" begin="36224521666t" end="36244124582t" region="region0" style="style0">쯧, 모르겠다</p>
<p xml:id="subtitle1014" begin="36292506250t" end="36307104166t" region="region0" style="style0">[성한의 한숨]</p>
<p xml:id="subtitle1015" begin="36404284582t" end="36420967916t" region="region0" style="style0">[현우가 엉엉 운다]</p>
<p xml:id="subtitle1016" begin="36421802082t" end="36443490416t" region="region0" style="style0">[긴장되는 음악]</p>
<p xml:id="subtitle1017" begin="36467264166t" end="36487284166t" region="region0" style="style0">- [현우의 울음]<br/>- [서진의 놀란 소리]</p>
<p xml:id="subtitle1018" begin="36488118332t" end="36499796666t" region="region0" style="style0">- 현우야<br/>- [희섭] 현우야</p>
<p xml:id="subtitle1019" begin="36500630832t" end="36519399582t" region="region0" style="style0">- 현우야!<br/>- [서진] 현우야, 정신 차려</p>
<p xml:id="subtitle1020" begin="36520233750t" end="36546927082t" region="region0" style="style0">- [희섭] 1, 119, 119, 야, 야<br/>- [현우가 소리친다]</p>
<p xml:id="subtitle1021" begin="36547761250t" end="36562359166t" region="region0" style="style0">- [서진] 현우야!<br/>- [현우의 흥분한 소리]</p>
<p xml:id="subtitle1022" begin="36568198332t" end="36580293750t" region="region0" style="style0">[희섭] 현우야!</p>
<p xml:id="subtitle1023" begin="36581127916t" end="36601982082t" region="region0" style="style0">- [현우가 악쓴다]<br/>- 현우야, 인마, 왜 이래</p>
<p xml:id="subtitle1024" begin="36602816250t" end="36618248332t" region="region0" style="style0">정신 차려, 아빠야, 어?</p>
<p xml:id="subtitle1025" begin="36619082500t" end="36644524582t" region="region0" style="style0">[서진이 울며] 현우야, 왜 그래</p>
<p xml:id="subtitle1026" begin="36645358750t" end="36682896250t" region="region0" style="style0">- 현우야, 왜 그래, 정신 차려 봐<br/>- [현우의 울음]</p>
<p xml:id="subtitle1027" begin="36701665000t" end="36719599582t" region="region0" style="style0">현우야, 왜 그래</p>
<p xml:id="subtitle1028" begin="36768815416t" end="36787167082t" region="region0" style="style0">[한숨]</p>
<p xml:id="subtitle1029" begin="36788001250t" end="36813026250t" region="region0" style="style0">[현우] 선생님 전화를 안 받았어요</p>
<p xml:id="subtitle1030" begin="36819699582t" end="36834714582t" region="region0" style="style0">수신 거절 했어요</p>
<p xml:id="subtitle1031" begin="36840553750t" end="36864744582t" region="region0" style="style0">기억력이 나빠졌으면 좋겠어요</p>
<p xml:id="subtitle1032" begin="36880593750t" end="36903116250t" region="region0" style="style0">[탁탁 펜 누르는 소리]</p>
<p xml:id="subtitle1033" begin="36922302082t" end="36938985416t" region="region0" style="style0">[사이렌 소리]</p>
<p xml:id="subtitle1034" begin="36939819582t" end="36955251666t" region="region0" style="style0">[휴대전화 조작음]</p>
<p xml:id="subtitle1035" begin="36994457500t" end="37014477500t" region="region0" style="style0">[통화 연결음]</p>
<p xml:id="subtitle1036" begin="37015311666t" end="37034497500t" region="region0" style="style0">[떨리는 숨소리]</p>
<p xml:id="subtitle1037" begin="37053683332t" end="37079125416t" region="region0" style="style0">[성한] ♪ 아, 테스 형 ♪</p>
<p xml:id="subtitle1038" begin="37079959582t" end="37107904166t" region="region0" style="style0">♪ 세상이 왜 이래 ♪</p>
<p xml:id="subtitle1039" begin="37108738332t" end="37144190416t" region="region0" style="style0">♪ 뭐 이렇게 찝찝해 ♪</p>
<p xml:id="subtitle1040" begin="37156702916t" end="37179642500t" region="region0" style="style0">♪ 테스 형 ♪</p>
<p xml:id="subtitle1041" begin="37180476666t" end="37205084582t" region="region0" style="style0">- ♪ 소크… ♪ 아, 깜짝이야, 씨<br/>- [휴대전화 진동음]</p>
<p xml:id="subtitle1042" begin="37221767916t" end="37234697500t" region="region0" style="style0">이서진?</p>
<p xml:id="subtitle1043" begin="37243873332t" end="37252215000t" region="region0" style="style0">여보세요?</p>
<p xml:id="subtitle1044" begin="37253049166t" end="37273903332t" region="region0" style="style0">[울먹이는 숨소리]</p>
<p xml:id="subtitle1045" begin="37274737500t" end="37290586666t" region="region0" style="style0">변호사님</p>
<p xml:id="subtitle1046" begin="37313526250t" end="37337300000t" region="region0" style="style0">- 여기까지만 하죠<br/>- [차분한 음악]</p>
<p xml:id="subtitle1047" begin="37338134166t" end="37355651666t" region="region0" style="style0">아니, 서진 씨<br/>무, 무슨 일 있으세요?</p>
<p xml:id="subtitle1048" begin="37366078750t" end="37382345000t" region="region0" style="style0">현우가</p>
<p xml:id="subtitle1049" begin="37392772082t" end="37411957916t" region="region0" style="style0">병원에 실려 왔어요</p>
<p xml:id="subtitle1050" begin="37431143750t" end="37451163750t" region="region0" style="style0">갑자기 발작을…</p>
<p xml:id="subtitle1051" begin="37462842082t" end="37474520416t" region="region0" style="style0">[훌쩍인다]</p>
<p xml:id="subtitle1052" begin="37485781666t" end="37502465000t" region="region0" style="style0">아이가 많이 힘들어해요</p>
<p xml:id="subtitle1053" begin="37509138332t" end="37523319166t" region="region0" style="style0">발작이요?</p>
<p xml:id="subtitle1054" begin="37524153332t" end="37543339166t" region="region0" style="style0">[서진] 갑자기 소리 지르고 울고</p>
<p xml:id="subtitle1055" begin="37553766250t" end="37572535000t" region="region0" style="style0">숨도 잘 못 쉬고</p>
<p xml:id="subtitle1056" begin="37598811250t" end="37622585000t" region="region0" style="style0">너무 고통스러워해요</p>
<p xml:id="subtitle1057" begin="37653866250t" end="37686815832t" region="region0" style="style0">아빠가 119 부르려고<br/>핸드폰을 들었는데</p>
<p xml:id="subtitle1058" begin="37696825832t" end="37717680000t" region="region0" style="style0">그걸 뺏어서 던지고</p>
<p xml:id="subtitle1059" begin="37726438750t" end="37741036666t" region="region0" style="style0">또 집어 던지고</p>
<p xml:id="subtitle1060" begin="37764393332t" end="37779408332t" region="region0" style="style0">그만해요</p>
<p xml:id="subtitle1061" begin="37794006250t" end="37817362916t" region="region0" style="style0">현우 생각을<br/>더 많이 했어야 했어요</p>
<p xml:id="subtitle1062" begin="37922050832t" end="37947910000t" region="region0" style="style0">예, 그래요, 이서진 씨</p>
<p xml:id="subtitle1063" begin="37959588332t" end="37989201250t" region="region0" style="style0">[성한] 이혼 조정은<br/>여기까지 하시죠</p>
<p xml:id="subtitle1064" begin="38005467500t" end="38030075416t" region="region0" style="style0">그리고 현우 안정 찾으면</p>
<p xml:id="subtitle1065" begin="38030909582t" end="38044673332t" region="region0" style="style0">나가셔서</p>
<p xml:id="subtitle1066" begin="38055934582t" end="38083462082t" region="region0" style="style0">24시 국밥집 같은 데 찾아 봐요</p>
<p xml:id="subtitle1067" begin="38096391666t" end="38113909166t" region="region0" style="style0">그리고 식사하세요, 든든하게</p>
<p xml:id="subtitle1068" begin="38114743332t" end="38126838750t" region="region0" style="style0">[한숨]</p>
<p xml:id="subtitle1069" begin="38142270832t" end="38176888750t" region="region0" style="style0">변호사님<br/>내 말 이해 못 하셨어요?</p>
<p xml:id="subtitle1070" begin="38177722916t" end="38189401250t" region="region0" style="style0">[성한] 아니요</p>
<p xml:id="subtitle1071" begin="38190235416t" end="38209004166t" region="region0" style="style0">충분히 이해했고요</p>
<p xml:id="subtitle1072" begin="38220682500t" end="38239034166t" region="region0" style="style0">기력이 있어야 재판도 합니다</p>
<p xml:id="subtitle1073" begin="38252380832t" end="38271983750t" region="region0" style="style0">이젠 이혼 조정이 아니라</p>
<p xml:id="subtitle1074" begin="38285747500t" end="38298260000t" region="region0" style="style0">재판으로 갑니다</p>
<p xml:id="subtitle1075" begin="38299094166t" end="38316194582t" region="region0" style="style0">[비장한 음악]</p>
<p xml:id="subtitle1076" begin="38317028750t" end="38331626666t" region="region0" style="style0">이길 거고요</p>
<p xml:id="subtitle1077" begin="38338717082t" end="38353315000t" region="region0" style="style0">이길 겁니다</p>
<p xml:id="subtitle1078" begin="38354149166t" end="38371249582t" region="region0" style="style0">이길 거니까</p>
<p xml:id="subtitle1079" begin="38387932916t" end="38405867500t" region="region0" style="style0">식사하시라고요</p>
<p xml:id="subtitle1080" begin="38536831666t" end="38549761250t" region="region0" style="style0">[옅은 웃음]</p>
<p xml:id="subtitle1081" begin="38556017500t" end="38576037500t" region="region0" style="style0">[리드미컬한 음악]</p>
<p xml:id="subtitle1082" begin="38913457916t" end="38938065832t" region="region1" style="style0">[성한] 거침없이 쏟아 내는 말들</p>
<p xml:id="subtitle1083" begin="38945156250t" end="38965593332t" region="region1" style="style0">[현우가 울먹이며] 아저씨는<br/>알고 있죠?</p>
<p xml:id="subtitle1084" begin="38966427500t" end="38986864582t" region="region1" style="style0">[성한] 어린아이의<br/>존엄이라고 했어요?</p>
<p xml:id="subtitle1085" begin="38987698750t" end="39008552916t" region="region1" style="style0">- 쫄지 마세요<br/>- [서진이 오열하며] 야!</p>
<p xml:id="subtitle1086" begin="39016894582t" end="39031492500t" region="region1" style="style0">[울먹이며] 미안해</p>
<p xml:id="subtitle1087" begin="39032326666t" end="39080708332t" region="region1" style="style0">[형근] 니가 왜 독일에서<br/>다 버리고 돌아왔는지</p>
<p xml:id="subtitle1088" begin="39081542500t" end="39105316250t" region="region1" style="style0">[남자] 피아노 치던 머리로<br/>변호사를</p>
<p xml:id="subtitle1089" begin="39106150416t" end="39134095000t" region="region1" style="style0">이게 희한한 건지<br/>맹랑한 건지 [웃음]</p>
<p xml:id="subtitle1090" begin="39134929166t" end="39166627500t" region="region1" style="style0">[형근] 포도송이 다 칠하면<br/>한판 뜰 거냐?</p>
<p xml:id="subtitle1091" begin="39185813332t" end="39197491666t" region="region0" style="style0">[성한] 죽일 거야</p>
</div>
</body>
</tt>
